have_builtin_func: checking for __builtin_clz()... -------------------- yes

PATH=".;E:/Ruby/Ruby34-x64/lib;E:\Ruby\Ruby34-x64\bin;E:\Ruby\Ruby34-x64\msys64\ucrt64\bin;E:\Ruby\Ruby34-x64\msys64\usr\bin;C:\Users\WTH\bin;D:\Tools\Git\mingw64\bin;D:\Tools\Git\usr\local\bin;D:\Tools\Git\usr\bin;D:\Tools\Git\usr\bin;D:\Tools\Git\mingw64\bin;D:\Tools\Git\usr\bin;C:\Users\WTH\bin;C:\Program Files (x86)\VMware\VMware Workstation\bin;C:\Program Files (x86)\Common Files\Oracle\Java\javapath;C:\Windows\system32;C:\Windows;C:\Windows\System32\Wbem;C:\Windows\System32\WindowsPowerShell\v1.0;C:\Windows\System32\OpenSSH;C:\Program Files (x86)\NVIDIA Corporation\PhysX\Common;C:\Program Files\NVIDIA Corporation\NVIDIA NvDLISR;C:\Program Files\Java\jdk1.8.0_361\bin;C:\Program Files\Java\jdk1.8.0_361\jre\bin;C:\Program Files\Python311;C:\Program Files\Python27;E:\AndroidSDK\platform-tools;E:\maven\apache-maven-3.9.3\bin;E:\MySQL\bin;C:\Program Files\Microsoft SQL Server\Client SDK\ODBC\110\Tools\Binn;C:\Program Files (x86)\Microsoft SQL Server\120\Tools\Binn;C:\Program Files\Microsoft SQL Server\120\Tools\Binn;C:\Program Files\Microsoft SQL Server\120\DTS\Binn;C:\Program Files (x86)\Windows Kits\8.1\Windows Performance Toolkit;E:\Graphviz\bin;E:\PythonData\Scripts;E:\PythonData\condabin;E:\Redis;E:\Nodejs;C:\Program Files\dotnet;C:\WINDOWS\system32;C:\WINDOWS;C:\WINDOWS\System32\Wbem;C:\WINDOWS\System32\WindowsPowerShell\v1.0;C:\WINDOWS\System32\OpenSSH;E:\Ruby\Ruby34-x64\bin;C:\Program Files\Python311\Scripts;C:\Program Files\Python311;C:\Program Files\Python27;C:\Program Files\Python27\Scripts;C:\Users\WTH\AppData\Local\Microsoft\WindowsApps;D:\Tools\Bandizip;D:\Tools\Microsoft VS Code\bin;D:\Tools\Pycharm\PyCharm Community Edition 2022.3.2\bin;E:\IDEA\IntelliJ IDEA Community Edition 2023.1.3\bin;E:\IDEA\IntelliJ IDEA 2023.1.3\bin;C:\Users\WTH\AppData\Roaming\npm;C:\Users\WTH\AppData\Local\Microsoft\WindowsApps;D:\Tools\Git\usr\bin\vendor_perl;D:\Tools\Git\usr\bin\core_perl;C:\Ruby31-x64\bin;C:\Ruby31-x64\msys64\ucrt64\bin;E:\Ruby\Ruby34-x64\bin;E:\Ruby\Ruby34-x64\msys64\ucrt64\bin;E:\Ruby\Ruby34-x64\bin;E:\Ruby\Ruby34-x64\msys64\ucrt64\bin" ASAN_OPTIONS=detect_leaks=0 "gcc -o conftest.exe -IE:/Ruby/Ruby34-x64/include/ruby-3.4.0/x64-mingw-ucrt -IE:/Ruby/Ruby34-x64/include/ruby-3.4.0/ruby/backward -IE:/Ruby/Ruby34-x64/include/ruby-3.4.0 -I. -D_WIN32_WINNT=0x0600 -D__MINGW_USE_VC2005_COMPAT -D_FILE_OFFSET_BITS=64  -O3 -fstack-protector-strong conftest.c -L. -LE:/Ruby/Ruby34-x64/lib -L. -pipe -s -fstack-protector-strong -lpthread -Wl,--no-as-needed     -lx64-ucrt-ruby340  -lshell32 -lws2_32 -liphlpapi -limagehlp -lshlwapi -lbcrypt  "
checked program was:
/* begin */
1: #include "ruby.h"
2: 
3: #include <winsock2.h>
4: #include <windows.h>
5: int main(int argc, char **argv)
6: {
7:   return !!argv[argc];
8: }
/* end */

PATH=".;E:/Ruby/Ruby34-x64/lib;E:\Ruby\Ruby34-x64\bin;E:\Ruby\Ruby34-x64\msys64\ucrt64\bin;E:\Ruby\Ruby34-x64\msys64\usr\bin;C:\Users\WTH\bin;D:\Tools\Git\mingw64\bin;D:\Tools\Git\usr\local\bin;D:\Tools\Git\usr\bin;D:\Tools\Git\usr\bin;D:\Tools\Git\mingw64\bin;D:\Tools\Git\usr\bin;C:\Users\WTH\bin;C:\Program Files (x86)\VMware\VMware Workstation\bin;C:\Program Files (x86)\Common Files\Oracle\Java\javapath;C:\Windows\system32;C:\Windows;C:\Windows\System32\Wbem;C:\Windows\System32\WindowsPowerShell\v1.0;C:\Windows\System32\OpenSSH;C:\Program Files (x86)\NVIDIA Corporation\PhysX\Common;C:\Program Files\NVIDIA Corporation\NVIDIA NvDLISR;C:\Program Files\Java\jdk1.8.0_361\bin;C:\Program Files\Java\jdk1.8.0_361\jre\bin;C:\Program Files\Python311;C:\Program Files\Python27;E:\AndroidSDK\platform-tools;E:\maven\apache-maven-3.9.3\bin;E:\MySQL\bin;C:\Program Files\Microsoft SQL Server\Client SDK\ODBC\110\Tools\Binn;C:\Program Files (x86)\Microsoft SQL Server\120\Tools\Binn;C:\Program Files\Microsoft SQL Server\120\Tools\Binn;C:\Program Files\Microsoft SQL Server\120\DTS\Binn;C:\Program Files (x86)\Windows Kits\8.1\Windows Performance Toolkit;E:\Graphviz\bin;E:\PythonData\Scripts;E:\PythonData\condabin;E:\Redis;E:\Nodejs;C:\Program Files\dotnet;C:\WINDOWS\system32;C:\WINDOWS;C:\WINDOWS\System32\Wbem;C:\WINDOWS\System32\WindowsPowerShell\v1.0;C:\WINDOWS\System32\OpenSSH;E:\Ruby\Ruby34-x64\bin;C:\Program Files\Python311\Scripts;C:\Program Files\Python311;C:\Program Files\Python27;C:\Program Files\Python27\Scripts;C:\Users\WTH\AppData\Local\Microsoft\WindowsApps;D:\Tools\Bandizip;D:\Tools\Microsoft VS Code\bin;D:\Tools\Pycharm\PyCharm Community Edition 2022.3.2\bin;E:\IDEA\IntelliJ IDEA Community Edition 2023.1.3\bin;E:\IDEA\IntelliJ IDEA 2023.1.3\bin;C:\Users\WTH\AppData\Roaming\npm;C:\Users\WTH\AppData\Local\Microsoft\WindowsApps;D:\Tools\Git\usr\bin\vendor_perl;D:\Tools\Git\usr\bin\core_perl;C:\Ruby31-x64\bin;C:\Ruby31-x64\msys64\ucrt64\bin;E:\Ruby\Ruby34-x64\bin;E:\Ruby\Ruby34-x64\msys64\ucrt64\bin;E:\Ruby\Ruby34-x64\bin;E:\Ruby\Ruby34-x64\msys64\ucrt64\bin" ASAN_OPTIONS=detect_leaks=0 "gcc -IE:/Ruby/Ruby34-x64/include/ruby-3.4.0/x64-mingw-ucrt -IE:/Ruby/Ruby34-x64/include/ruby-3.4.0/ruby/backward -IE:/Ruby/Ruby34-x64/include/ruby-3.4.0 -I. -D_WIN32_WINNT=0x0600 -D__MINGW_USE_VC2005_COMPAT -D_FILE_OFFSET_BITS=64  -O3 -fstack-protector-strong   -c conftest.c"
checked program was:
/* begin */
1: #include "ruby.h"
2: 
3: #include <winsock2.h>
4: #include <windows.h>
5: int foo;
6: int main() { __builtin_clz(0); return 0; }
/* end */

--------------------

have_builtin_func: checking for __builtin_clzl()... -------------------- yes

PATH=".;E:/Ruby/Ruby34-x64/lib;E:\Ruby\Ruby34-x64\bin;E:\Ruby\Ruby34-x64\msys64\ucrt64\bin;E:\Ruby\Ruby34-x64\msys64\usr\bin;C:\Users\WTH\bin;D:\Tools\Git\mingw64\bin;D:\Tools\Git\usr\local\bin;D:\Tools\Git\usr\bin;D:\Tools\Git\usr\bin;D:\Tools\Git\mingw64\bin;D:\Tools\Git\usr\bin;C:\Users\WTH\bin;C:\Program Files (x86)\VMware\VMware Workstation\bin;C:\Program Files (x86)\Common Files\Oracle\Java\javapath;C:\Windows\system32;C:\Windows;C:\Windows\System32\Wbem;C:\Windows\System32\WindowsPowerShell\v1.0;C:\Windows\System32\OpenSSH;C:\Program Files (x86)\NVIDIA Corporation\PhysX\Common;C:\Program Files\NVIDIA Corporation\NVIDIA NvDLISR;C:\Program Files\Java\jdk1.8.0_361\bin;C:\Program Files\Java\jdk1.8.0_361\jre\bin;C:\Program Files\Python311;C:\Program Files\Python27;E:\AndroidSDK\platform-tools;E:\maven\apache-maven-3.9.3\bin;E:\MySQL\bin;C:\Program Files\Microsoft SQL Server\Client SDK\ODBC\110\Tools\Binn;C:\Program Files (x86)\Microsoft SQL Server\120\Tools\Binn;C:\Program Files\Microsoft SQL Server\120\Tools\Binn;C:\Program Files\Microsoft SQL Server\120\DTS\Binn;C:\Program Files (x86)\Windows Kits\8.1\Windows Performance Toolkit;E:\Graphviz\bin;E:\PythonData\Scripts;E:\PythonData\condabin;E:\Redis;E:\Nodejs;C:\Program Files\dotnet;C:\WINDOWS\system32;C:\WINDOWS;C:\WINDOWS\System32\Wbem;C:\WINDOWS\System32\WindowsPowerShell\v1.0;C:\WINDOWS\System32\OpenSSH;E:\Ruby\Ruby34-x64\bin;C:\Program Files\Python311\Scripts;C:\Program Files\Python311;C:\Program Files\Python27;C:\Program Files\Python27\Scripts;C:\Users\WTH\AppData\Local\Microsoft\WindowsApps;D:\Tools\Bandizip;D:\Tools\Microsoft VS Code\bin;D:\Tools\Pycharm\PyCharm Community Edition 2022.3.2\bin;E:\IDEA\IntelliJ IDEA Community Edition 2023.1.3\bin;E:\IDEA\IntelliJ IDEA 2023.1.3\bin;C:\Users\WTH\AppData\Roaming\npm;C:\Users\WTH\AppData\Local\Microsoft\WindowsApps;D:\Tools\Git\usr\bin\vendor_perl;D:\Tools\Git\usr\bin\core_perl;C:\Ruby31-x64\bin;C:\Ruby31-x64\msys64\ucrt64\bin;E:\Ruby\Ruby34-x64\bin;E:\Ruby\Ruby34-x64\msys64\ucrt64\bin;E:\Ruby\Ruby34-x64\bin;E:\Ruby\Ruby34-x64\msys64\ucrt64\bin" ASAN_OPTIONS=detect_leaks=0 "gcc -IE:/Ruby/Ruby34-x64/include/ruby-3.4.0/x64-mingw-ucrt -IE:/Ruby/Ruby34-x64/include/ruby-3.4.0/ruby/backward -IE:/Ruby/Ruby34-x64/include/ruby-3.4.0 -I. -D_WIN32_WINNT=0x0600 -D__MINGW_USE_VC2005_COMPAT -D_FILE_OFFSET_BITS=64  -O3 -fstack-protector-strong   -c conftest.c"
checked program was:
/* begin */
1: #include "ruby.h"
2: 
3: #include <winsock2.h>
4: #include <windows.h>
5: int foo;
6: int main() { __builtin_clzl(0); return 0; }
/* end */

--------------------

have_builtin_func: checking for __builtin_clzll()... -------------------- yes

PATH=".;E:/Ruby/Ruby34-x64/lib;E:\Ruby\Ruby34-x64\bin;E:\Ruby\Ruby34-x64\msys64\ucrt64\bin;E:\Ruby\Ruby34-x64\msys64\usr\bin;C:\Users\WTH\bin;D:\Tools\Git\mingw64\bin;D:\Tools\Git\usr\local\bin;D:\Tools\Git\usr\bin;D:\Tools\Git\usr\bin;D:\Tools\Git\mingw64\bin;D:\Tools\Git\usr\bin;C:\Users\WTH\bin;C:\Program Files (x86)\VMware\VMware Workstation\bin;C:\Program Files (x86)\Common Files\Oracle\Java\javapath;C:\Windows\system32;C:\Windows;C:\Windows\System32\Wbem;C:\Windows\System32\WindowsPowerShell\v1.0;C:\Windows\System32\OpenSSH;C:\Program Files (x86)\NVIDIA Corporation\PhysX\Common;C:\Program Files\NVIDIA Corporation\NVIDIA NvDLISR;C:\Program Files\Java\jdk1.8.0_361\bin;C:\Program Files\Java\jdk1.8.0_361\jre\bin;C:\Program Files\Python311;C:\Program Files\Python27;E:\AndroidSDK\platform-tools;E:\maven\apache-maven-3.9.3\bin;E:\MySQL\bin;C:\Program Files\Microsoft SQL Server\Client SDK\ODBC\110\Tools\Binn;C:\Program Files (x86)\Microsoft SQL Server\120\Tools\Binn;C:\Program Files\Microsoft SQL Server\120\Tools\Binn;C:\Program Files\Microsoft SQL Server\120\DTS\Binn;C:\Program Files (x86)\Windows Kits\8.1\Windows Performance Toolkit;E:\Graphviz\bin;E:\PythonData\Scripts;E:\PythonData\condabin;E:\Redis;E:\Nodejs;C:\Program Files\dotnet;C:\WINDOWS\system32;C:\WINDOWS;C:\WINDOWS\System32\Wbem;C:\WINDOWS\System32\WindowsPowerShell\v1.0;C:\WINDOWS\System32\OpenSSH;E:\Ruby\Ruby34-x64\bin;C:\Program Files\Python311\Scripts;C:\Program Files\Python311;C:\Program Files\Python27;C:\Program Files\Python27\Scripts;C:\Users\WTH\AppData\Local\Microsoft\WindowsApps;D:\Tools\Bandizip;D:\Tools\Microsoft VS Code\bin;D:\Tools\Pycharm\PyCharm Community Edition 2022.3.2\bin;E:\IDEA\IntelliJ IDEA Community Edition 2023.1.3\bin;E:\IDEA\IntelliJ IDEA 2023.1.3\bin;C:\Users\WTH\AppData\Roaming\npm;C:\Users\WTH\AppData\Local\Microsoft\WindowsApps;D:\Tools\Git\usr\bin\vendor_perl;D:\Tools\Git\usr\bin\core_perl;C:\Ruby31-x64\bin;C:\Ruby31-x64\msys64\ucrt64\bin;E:\Ruby\Ruby34-x64\bin;E:\Ruby\Ruby34-x64\msys64\ucrt64\bin;E:\Ruby\Ruby34-x64\bin;E:\Ruby\Ruby34-x64\msys64\ucrt64\bin" ASAN_OPTIONS=detect_leaks=0 "gcc -IE:/Ruby/Ruby34-x64/include/ruby-3.4.0/x64-mingw-ucrt -IE:/Ruby/Ruby34-x64/include/ruby-3.4.0/ruby/backward -IE:/Ruby/Ruby34-x64/include/ruby-3.4.0 -I. -D_WIN32_WINNT=0x0600 -D__MINGW_USE_VC2005_COMPAT -D_FILE_OFFSET_BITS=64  -O3 -fstack-protector-strong   -c conftest.c"
checked program was:
/* begin */
1: #include "ruby.h"
2: 
3: #include <winsock2.h>
4: #include <windows.h>
5: int foo;
6: int main() { __builtin_clzll(0); return 0; }
/* end */

--------------------

have_header: checking for float.h... -------------------- yes

PATH=".;E:/Ruby/Ruby34-x64/lib;E:\Ruby\Ruby34-x64\bin;E:\Ruby\Ruby34-x64\msys64\ucrt64\bin;E:\Ruby\Ruby34-x64\msys64\usr\bin;C:\Users\WTH\bin;D:\Tools\Git\mingw64\bin;D:\Tools\Git\usr\local\bin;D:\Tools\Git\usr\bin;D:\Tools\Git\usr\bin;D:\Tools\Git\mingw64\bin;D:\Tools\Git\usr\bin;C:\Users\WTH\bin;C:\Program Files (x86)\VMware\VMware Workstation\bin;C:\Program Files (x86)\Common Files\Oracle\Java\javapath;C:\Windows\system32;C:\Windows;C:\Windows\System32\Wbem;C:\Windows\System32\WindowsPowerShell\v1.0;C:\Windows\System32\OpenSSH;C:\Program Files (x86)\NVIDIA Corporation\PhysX\Common;C:\Program Files\NVIDIA Corporation\NVIDIA NvDLISR;C:\Program Files\Java\jdk1.8.0_361\bin;C:\Program Files\Java\jdk1.8.0_361\jre\bin;C:\Program Files\Python311;C:\Program Files\Python27;E:\AndroidSDK\platform-tools;E:\maven\apache-maven-3.9.3\bin;E:\MySQL\bin;C:\Program Files\Microsoft SQL Server\Client SDK\ODBC\110\Tools\Binn;C:\Program Files (x86)\Microsoft SQL Server\120\Tools\Binn;C:\Program Files\Microsoft SQL Server\120\Tools\Binn;C:\Program Files\Microsoft SQL Server\120\DTS\Binn;C:\Program Files (x86)\Windows Kits\8.1\Windows Performance Toolkit;E:\Graphviz\bin;E:\PythonData\Scripts;E:\PythonData\condabin;E:\Redis;E:\Nodejs;C:\Program Files\dotnet;C:\WINDOWS\system32;C:\WINDOWS;C:\WINDOWS\System32\Wbem;C:\WINDOWS\System32\WindowsPowerShell\v1.0;C:\WINDOWS\System32\OpenSSH;E:\Ruby\Ruby34-x64\bin;C:\Program Files\Python311\Scripts;C:\Program Files\Python311;C:\Program Files\Python27;C:\Program Files\Python27\Scripts;C:\Users\WTH\AppData\Local\Microsoft\WindowsApps;D:\Tools\Bandizip;D:\Tools\Microsoft VS Code\bin;D:\Tools\Pycharm\PyCharm Community Edition 2022.3.2\bin;E:\IDEA\IntelliJ IDEA Community Edition 2023.1.3\bin;E:\IDEA\IntelliJ IDEA 2023.1.3\bin;C:\Users\WTH\AppData\Roaming\npm;C:\Users\WTH\AppData\Local\Microsoft\WindowsApps;D:\Tools\Git\usr\bin\vendor_perl;D:\Tools\Git\usr\bin\core_perl;C:\Ruby31-x64\bin;C:\Ruby31-x64\msys64\ucrt64\bin;E:\Ruby\Ruby34-x64\bin;E:\Ruby\Ruby34-x64\msys64\ucrt64\bin;E:\Ruby\Ruby34-x64\bin;E:\Ruby\Ruby34-x64\msys64\ucrt64\bin" ASAN_OPTIONS=detect_leaks=0 "gcc -IE:/Ruby/Ruby34-x64/include/ruby-3.4.0/x64-mingw-ucrt -IE:/Ruby/Ruby34-x64/include/ruby-3.4.0/ruby/backward -IE:/Ruby/Ruby34-x64/include/ruby-3.4.0 -I. -D_WIN32_WINNT=0x0600 -D__MINGW_USE_VC2005_COMPAT -D_FILE_OFFSET_BITS=64  -O3 -fstack-protector-strong   -c conftest.c"
checked program was:
/* begin */
1: #include "ruby.h"
2: 
3: #include <winsock2.h>
4: #include <windows.h>
5: #include <float.h>
/* end */

--------------------

have_header: checking for math.h... -------------------- yes

PATH=".;E:/Ruby/Ruby34-x64/lib;E:\Ruby\Ruby34-x64\bin;E:\Ruby\Ruby34-x64\msys64\ucrt64\bin;E:\Ruby\Ruby34-x64\msys64\usr\bin;C:\Users\WTH\bin;D:\Tools\Git\mingw64\bin;D:\Tools\Git\usr\local\bin;D:\Tools\Git\usr\bin;D:\Tools\Git\usr\bin;D:\Tools\Git\mingw64\bin;D:\Tools\Git\usr\bin;C:\Users\WTH\bin;C:\Program Files (x86)\VMware\VMware Workstation\bin;C:\Program Files (x86)\Common Files\Oracle\Java\javapath;C:\Windows\system32;C:\Windows;C:\Windows\System32\Wbem;C:\Windows\System32\WindowsPowerShell\v1.0;C:\Windows\System32\OpenSSH;C:\Program Files (x86)\NVIDIA Corporation\PhysX\Common;C:\Program Files\NVIDIA Corporation\NVIDIA NvDLISR;C:\Program Files\Java\jdk1.8.0_361\bin;C:\Program Files\Java\jdk1.8.0_361\jre\bin;C:\Program Files\Python311;C:\Program Files\Python27;E:\AndroidSDK\platform-tools;E:\maven\apache-maven-3.9.3\bin;E:\MySQL\bin;C:\Program Files\Microsoft SQL Server\Client SDK\ODBC\110\Tools\Binn;C:\Program Files (x86)\Microsoft SQL Server\120\Tools\Binn;C:\Program Files\Microsoft SQL Server\120\Tools\Binn;C:\Program Files\Microsoft SQL Server\120\DTS\Binn;C:\Program Files (x86)\Windows Kits\8.1\Windows Performance Toolkit;E:\Graphviz\bin;E:\PythonData\Scripts;E:\PythonData\condabin;E:\Redis;E:\Nodejs;C:\Program Files\dotnet;C:\WINDOWS\system32;C:\WINDOWS;C:\WINDOWS\System32\Wbem;C:\WINDOWS\System32\WindowsPowerShell\v1.0;C:\WINDOWS\System32\OpenSSH;E:\Ruby\Ruby34-x64\bin;C:\Program Files\Python311\Scripts;C:\Program Files\Python311;C:\Program Files\Python27;C:\Program Files\Python27\Scripts;C:\Users\WTH\AppData\Local\Microsoft\WindowsApps;D:\Tools\Bandizip;D:\Tools\Microsoft VS Code\bin;D:\Tools\Pycharm\PyCharm Community Edition 2022.3.2\bin;E:\IDEA\IntelliJ IDEA Community Edition 2023.1.3\bin;E:\IDEA\IntelliJ IDEA 2023.1.3\bin;C:\Users\WTH\AppData\Roaming\npm;C:\Users\WTH\AppData\Local\Microsoft\WindowsApps;D:\Tools\Git\usr\bin\vendor_perl;D:\Tools\Git\usr\bin\core_perl;C:\Ruby31-x64\bin;C:\Ruby31-x64\msys64\ucrt64\bin;E:\Ruby\Ruby34-x64\bin;E:\Ruby\Ruby34-x64\msys64\ucrt64\bin;E:\Ruby\Ruby34-x64\bin;E:\Ruby\Ruby34-x64\msys64\ucrt64\bin" ASAN_OPTIONS=detect_leaks=0 "gcc -IE:/Ruby/Ruby34-x64/include/ruby-3.4.0/x64-mingw-ucrt -IE:/Ruby/Ruby34-x64/include/ruby-3.4.0/ruby/backward -IE:/Ruby/Ruby34-x64/include/ruby-3.4.0 -I. -D_WIN32_WINNT=0x0600 -D__MINGW_USE_VC2005_COMPAT -D_FILE_OFFSET_BITS=64  -O3 -fstack-protector-strong   -c conftest.c"
checked program was:
/* begin */
1: #include "ruby.h"
2: 
3: #include <winsock2.h>
4: #include <windows.h>
5: #include <math.h>
/* end */

--------------------

have_header: checking for stdbool.h... -------------------- yes

PATH=".;E:/Ruby/Ruby34-x64/lib;E:\Ruby\Ruby34-x64\bin;E:\Ruby\Ruby34-x64\msys64\ucrt64\bin;E:\Ruby\Ruby34-x64\msys64\usr\bin;C:\Users\WTH\bin;D:\Tools\Git\mingw64\bin;D:\Tools\Git\usr\local\bin;D:\Tools\Git\usr\bin;D:\Tools\Git\usr\bin;D:\Tools\Git\mingw64\bin;D:\Tools\Git\usr\bin;C:\Users\WTH\bin;C:\Program Files (x86)\VMware\VMware Workstation\bin;C:\Program Files (x86)\Common Files\Oracle\Java\javapath;C:\Windows\system32;C:\Windows;C:\Windows\System32\Wbem;C:\Windows\System32\WindowsPowerShell\v1.0;C:\Windows\System32\OpenSSH;C:\Program Files (x86)\NVIDIA Corporation\PhysX\Common;C:\Program Files\NVIDIA Corporation\NVIDIA NvDLISR;C:\Program Files\Java\jdk1.8.0_361\bin;C:\Program Files\Java\jdk1.8.0_361\jre\bin;C:\Program Files\Python311;C:\Program Files\Python27;E:\AndroidSDK\platform-tools;E:\maven\apache-maven-3.9.3\bin;E:\MySQL\bin;C:\Program Files\Microsoft SQL Server\Client SDK\ODBC\110\Tools\Binn;C:\Program Files (x86)\Microsoft SQL Server\120\Tools\Binn;C:\Program Files\Microsoft SQL Server\120\Tools\Binn;C:\Program Files\Microsoft SQL Server\120\DTS\Binn;C:\Program Files (x86)\Windows Kits\8.1\Windows Performance Toolkit;E:\Graphviz\bin;E:\PythonData\Scripts;E:\PythonData\condabin;E:\Redis;E:\Nodejs;C:\Program Files\dotnet;C:\WINDOWS\system32;C:\WINDOWS;C:\WINDOWS\System32\Wbem;C:\WINDOWS\System32\WindowsPowerShell\v1.0;C:\WINDOWS\System32\OpenSSH;E:\Ruby\Ruby34-x64\bin;C:\Program Files\Python311\Scripts;C:\Program Files\Python311;C:\Program Files\Python27;C:\Program Files\Python27\Scripts;C:\Users\WTH\AppData\Local\Microsoft\WindowsApps;D:\Tools\Bandizip;D:\Tools\Microsoft VS Code\bin;D:\Tools\Pycharm\PyCharm Community Edition 2022.3.2\bin;E:\IDEA\IntelliJ IDEA Community Edition 2023.1.3\bin;E:\IDEA\IntelliJ IDEA 2023.1.3\bin;C:\Users\WTH\AppData\Roaming\npm;C:\Users\WTH\AppData\Local\Microsoft\WindowsApps;D:\Tools\Git\usr\bin\vendor_perl;D:\Tools\Git\usr\bin\core_perl;C:\Ruby31-x64\bin;C:\Ruby31-x64\msys64\ucrt64\bin;E:\Ruby\Ruby34-x64\bin;E:\Ruby\Ruby34-x64\msys64\ucrt64\bin;E:\Ruby\Ruby34-x64\bin;E:\Ruby\Ruby34-x64\msys64\ucrt64\bin" ASAN_OPTIONS=detect_leaks=0 "gcc -IE:/Ruby/Ruby34-x64/include/ruby-3.4.0/x64-mingw-ucrt -IE:/Ruby/Ruby34-x64/include/ruby-3.4.0/ruby/backward -IE:/Ruby/Ruby34-x64/include/ruby-3.4.0 -I. -D_WIN32_WINNT=0x0600 -D__MINGW_USE_VC2005_COMPAT -D_FILE_OFFSET_BITS=64  -O3 -fstack-protector-strong   -c conftest.c"
checked program was:
/* begin */
1: #include "ruby.h"
2: 
3: #include <winsock2.h>
4: #include <windows.h>
5: #include <stdbool.h>
/* end */

--------------------

have_header: checking for stdlib.h... -------------------- yes

PATH=".;E:/Ruby/Ruby34-x64/lib;E:\Ruby\Ruby34-x64\bin;E:\Ruby\Ruby34-x64\msys64\ucrt64\bin;E:\Ruby\Ruby34-x64\msys64\usr\bin;C:\Users\WTH\bin;D:\Tools\Git\mingw64\bin;D:\Tools\Git\usr\local\bin;D:\Tools\Git\usr\bin;D:\Tools\Git\usr\bin;D:\Tools\Git\mingw64\bin;D:\Tools\Git\usr\bin;C:\Users\WTH\bin;C:\Program Files (x86)\VMware\VMware Workstation\bin;C:\Program Files (x86)\Common Files\Oracle\Java\javapath;C:\Windows\system32;C:\Windows;C:\Windows\System32\Wbem;C:\Windows\System32\WindowsPowerShell\v1.0;C:\Windows\System32\OpenSSH;C:\Program Files (x86)\NVIDIA Corporation\PhysX\Common;C:\Program Files\NVIDIA Corporation\NVIDIA NvDLISR;C:\Program Files\Java\jdk1.8.0_361\bin;C:\Program Files\Java\jdk1.8.0_361\jre\bin;C:\Program Files\Python311;C:\Program Files\Python27;E:\AndroidSDK\platform-tools;E:\maven\apache-maven-3.9.3\bin;E:\MySQL\bin;C:\Program Files\Microsoft SQL Server\Client SDK\ODBC\110\Tools\Binn;C:\Program Files (x86)\Microsoft SQL Server\120\Tools\Binn;C:\Program Files\Microsoft SQL Server\120\Tools\Binn;C:\Program Files\Microsoft SQL Server\120\DTS\Binn;C:\Program Files (x86)\Windows Kits\8.1\Windows Performance Toolkit;E:\Graphviz\bin;E:\PythonData\Scripts;E:\PythonData\condabin;E:\Redis;E:\Nodejs;C:\Program Files\dotnet;C:\WINDOWS\system32;C:\WINDOWS;C:\WINDOWS\System32\Wbem;C:\WINDOWS\System32\WindowsPowerShell\v1.0;C:\WINDOWS\System32\OpenSSH;E:\Ruby\Ruby34-x64\bin;C:\Program Files\Python311\Scripts;C:\Program Files\Python311;C:\Program Files\Python27;C:\Program Files\Python27\Scripts;C:\Users\WTH\AppData\Local\Microsoft\WindowsApps;D:\Tools\Bandizip;D:\Tools\Microsoft VS Code\bin;D:\Tools\Pycharm\PyCharm Community Edition 2022.3.2\bin;E:\IDEA\IntelliJ IDEA Community Edition 2023.1.3\bin;E:\IDEA\IntelliJ IDEA 2023.1.3\bin;C:\Users\WTH\AppData\Roaming\npm;C:\Users\WTH\AppData\Local\Microsoft\WindowsApps;D:\Tools\Git\usr\bin\vendor_perl;D:\Tools\Git\usr\bin\core_perl;C:\Ruby31-x64\bin;C:\Ruby31-x64\msys64\ucrt64\bin;E:\Ruby\Ruby34-x64\bin;E:\Ruby\Ruby34-x64\msys64\ucrt64\bin;E:\Ruby\Ruby34-x64\bin;E:\Ruby\Ruby34-x64\msys64\ucrt64\bin" ASAN_OPTIONS=detect_leaks=0 "gcc -IE:/Ruby/Ruby34-x64/include/ruby-3.4.0/x64-mingw-ucrt -IE:/Ruby/Ruby34-x64/include/ruby-3.4.0/ruby/backward -IE:/Ruby/Ruby34-x64/include/ruby-3.4.0 -I. -D_WIN32_WINNT=0x0600 -D__MINGW_USE_VC2005_COMPAT -D_FILE_OFFSET_BITS=64  -O3 -fstack-protector-strong   -c conftest.c"
checked program was:
/* begin */
1: #include "ruby.h"
2: 
3: #include <winsock2.h>
4: #include <windows.h>
5: #include <stdlib.h>
/* end */

--------------------

have_header: checking for x86intrin.h... -------------------- yes

PATH=".;E:/Ruby/Ruby34-x64/lib;E:\Ruby\Ruby34-x64\bin;E:\Ruby\Ruby34-x64\msys64\ucrt64\bin;E:\Ruby\Ruby34-x64\msys64\usr\bin;C:\Users\WTH\bin;D:\Tools\Git\mingw64\bin;D:\Tools\Git\usr\local\bin;D:\Tools\Git\usr\bin;D:\Tools\Git\usr\bin;D:\Tools\Git\mingw64\bin;D:\Tools\Git\usr\bin;C:\Users\WTH\bin;C:\Program Files (x86)\VMware\VMware Workstation\bin;C:\Program Files (x86)\Common Files\Oracle\Java\javapath;C:\Windows\system32;C:\Windows;C:\Windows\System32\Wbem;C:\Windows\System32\WindowsPowerShell\v1.0;C:\Windows\System32\OpenSSH;C:\Program Files (x86)\NVIDIA Corporation\PhysX\Common;C:\Program Files\NVIDIA Corporation\NVIDIA NvDLISR;C:\Program Files\Java\jdk1.8.0_361\bin;C:\Program Files\Java\jdk1.8.0_361\jre\bin;C:\Program Files\Python311;C:\Program Files\Python27;E:\AndroidSDK\platform-tools;E:\maven\apache-maven-3.9.3\bin;E:\MySQL\bin;C:\Program Files\Microsoft SQL Server\Client SDK\ODBC\110\Tools\Binn;C:\Program Files (x86)\Microsoft SQL Server\120\Tools\Binn;C:\Program Files\Microsoft SQL Server\120\Tools\Binn;C:\Program Files\Microsoft SQL Server\120\DTS\Binn;C:\Program Files (x86)\Windows Kits\8.1\Windows Performance Toolkit;E:\Graphviz\bin;E:\PythonData\Scripts;E:\PythonData\condabin;E:\Redis;E:\Nodejs;C:\Program Files\dotnet;C:\WINDOWS\system32;C:\WINDOWS;C:\WINDOWS\System32\Wbem;C:\WINDOWS\System32\WindowsPowerShell\v1.0;C:\WINDOWS\System32\OpenSSH;E:\Ruby\Ruby34-x64\bin;C:\Program Files\Python311\Scripts;C:\Program Files\Python311;C:\Program Files\Python27;C:\Program Files\Python27\Scripts;C:\Users\WTH\AppData\Local\Microsoft\WindowsApps;D:\Tools\Bandizip;D:\Tools\Microsoft VS Code\bin;D:\Tools\Pycharm\PyCharm Community Edition 2022.3.2\bin;E:\IDEA\IntelliJ IDEA Community Edition 2023.1.3\bin;E:\IDEA\IntelliJ IDEA 2023.1.3\bin;C:\Users\WTH\AppData\Roaming\npm;C:\Users\WTH\AppData\Local\Microsoft\WindowsApps;D:\Tools\Git\usr\bin\vendor_perl;D:\Tools\Git\usr\bin\core_perl;C:\Ruby31-x64\bin;C:\Ruby31-x64\msys64\ucrt64\bin;E:\Ruby\Ruby34-x64\bin;E:\Ruby\Ruby34-x64\msys64\ucrt64\bin;E:\Ruby\Ruby34-x64\bin;E:\Ruby\Ruby34-x64\msys64\ucrt64\bin" ASAN_OPTIONS=detect_leaks=0 "gcc -IE:/Ruby/Ruby34-x64/include/ruby-3.4.0/x64-mingw-ucrt -IE:/Ruby/Ruby34-x64/include/ruby-3.4.0/ruby/backward -IE:/Ruby/Ruby34-x64/include/ruby-3.4.0 -I. -D_WIN32_WINNT=0x0600 -D__MINGW_USE_VC2005_COMPAT -D_FILE_OFFSET_BITS=64  -O3 -fstack-protector-strong   -c conftest.c"
checked program was:
/* begin */
1: #include "ruby.h"
2: 
3: #include <winsock2.h>
4: #include <windows.h>
5: #include <x86intrin.h>
/* end */

--------------------

have_func: checking for _lzcnt_u32() in x86intrin.h... -------------------- no

PATH=".;E:/Ruby/Ruby34-x64/lib;E:\Ruby\Ruby34-x64\bin;E:\Ruby\Ruby34-x64\msys64\ucrt64\bin;E:\Ruby\Ruby34-x64\msys64\usr\bin;C:\Users\WTH\bin;D:\Tools\Git\mingw64\bin;D:\Tools\Git\usr\local\bin;D:\Tools\Git\usr\bin;D:\Tools\Git\usr\bin;D:\Tools\Git\mingw64\bin;D:\Tools\Git\usr\bin;C:\Users\WTH\bin;C:\Program Files (x86)\VMware\VMware Workstation\bin;C:\Program Files (x86)\Common Files\Oracle\Java\javapath;C:\Windows\system32;C:\Windows;C:\Windows\System32\Wbem;C:\Windows\System32\WindowsPowerShell\v1.0;C:\Windows\System32\OpenSSH;C:\Program Files (x86)\NVIDIA Corporation\PhysX\Common;C:\Program Files\NVIDIA Corporation\NVIDIA NvDLISR;C:\Program Files\Java\jdk1.8.0_361\bin;C:\Program Files\Java\jdk1.8.0_361\jre\bin;C:\Program Files\Python311;C:\Program Files\Python27;E:\AndroidSDK\platform-tools;E:\maven\apache-maven-3.9.3\bin;E:\MySQL\bin;C:\Program Files\Microsoft SQL Server\Client SDK\ODBC\110\Tools\Binn;C:\Program Files (x86)\Microsoft SQL Server\120\Tools\Binn;C:\Program Files\Microsoft SQL Server\120\Tools\Binn;C:\Program Files\Microsoft SQL Server\120\DTS\Binn;C:\Program Files (x86)\Windows Kits\8.1\Windows Performance Toolkit;E:\Graphviz\bin;E:\PythonData\Scripts;E:\PythonData\condabin;E:\Redis;E:\Nodejs;C:\Program Files\dotnet;C:\WINDOWS\system32;C:\WINDOWS;C:\WINDOWS\System32\Wbem;C:\WINDOWS\System32\WindowsPowerShell\v1.0;C:\WINDOWS\System32\OpenSSH;E:\Ruby\Ruby34-x64\bin;C:\Program Files\Python311\Scripts;C:\Program Files\Python311;C:\Program Files\Python27;C:\Program Files\Python27\Scripts;C:\Users\WTH\AppData\Local\Microsoft\WindowsApps;D:\Tools\Bandizip;D:\Tools\Microsoft VS Code\bin;D:\Tools\Pycharm\PyCharm Community Edition 2022.3.2\bin;E:\IDEA\IntelliJ IDEA Community Edition 2023.1.3\bin;E:\IDEA\IntelliJ IDEA 2023.1.3\bin;C:\Users\WTH\AppData\Roaming\npm;C:\Users\WTH\AppData\Local\Microsoft\WindowsApps;D:\Tools\Git\usr\bin\vendor_perl;D:\Tools\Git\usr\bin\core_perl;C:\Ruby31-x64\bin;C:\Ruby31-x64\msys64\ucrt64\bin;E:\Ruby\Ruby34-x64\bin;E:\Ruby\Ruby34-x64\msys64\ucrt64\bin;E:\Ruby\Ruby34-x64\bin;E:\Ruby\Ruby34-x64\msys64\ucrt64\bin" ASAN_OPTIONS=detect_leaks=0 "gcc -o conftest.exe -IE:/Ruby/Ruby34-x64/include/ruby-3.4.0/x64-mingw-ucrt -IE:/Ruby/Ruby34-x64/include/ruby-3.4.0/ruby/backward -IE:/Ruby/Ruby34-x64/include/ruby-3.4.0 -I. -D_WIN32_WINNT=0x0600 -D__MINGW_USE_VC2005_COMPAT -D_FILE_OFFSET_BITS=64  -O3 -fstack-protector-strong conftest.c -L. -LE:/Ruby/Ruby34-x64/lib -L. -pipe -s -fstack-protector-strong -lpthread -Wl,--no-as-needed     -lx64-ucrt-ruby340  -lshell32 -lws2_32 -liphlpapi -limagehlp -lshlwapi -lbcrypt  "
E:/Ruby/Ruby34-x64/msys64/ucrt64/bin/../lib/gcc/x86_64-w64-mingw32/15.1.0/../../../../x86_64-w64-mingw32/bin/ld.exe: C:\Users\WTH\AppData\Local\Temp\ccW0Xp8R.o:conftest.c:(.rdata$.refptr._lzcnt_u32[.refptr._lzcnt_u32]+0x0): undefined reference to `_lzcnt_u32'
collect2.exe: error: ld returned 1 exit status
checked program was:
/* begin */
 1: #include "ruby.h"
 2: 
 3: #include <winsock2.h>
 4: #include <windows.h>
 5: #include <x86intrin.h>
 6: 
 7: /*top*/
 8: extern int t(void);
 9: int main(int argc, char **argv)
10: {
11:   if (argc > 1000000) {
12:     int (* volatile tp)(void)=(int (*)(void))&t;
13:     printf("%d", (*tp)());
14:   }
15: 
16:   return !!argv[argc];
17: }
18: int t(void) { void ((*volatile p)()); p = (void ((*)()))_lzcnt_u32; return !p; }
/* end */

PATH=".;E:/Ruby/Ruby34-x64/lib;E:\Ruby\Ruby34-x64\bin;E:\Ruby\Ruby34-x64\msys64\ucrt64\bin;E:\Ruby\Ruby34-x64\msys64\usr\bin;C:\Users\WTH\bin;D:\Tools\Git\mingw64\bin;D:\Tools\Git\usr\local\bin;D:\Tools\Git\usr\bin;D:\Tools\Git\usr\bin;D:\Tools\Git\mingw64\bin;D:\Tools\Git\usr\bin;C:\Users\WTH\bin;C:\Program Files (x86)\VMware\VMware Workstation\bin;C:\Program Files (x86)\Common Files\Oracle\Java\javapath;C:\Windows\system32;C:\Windows;C:\Windows\System32\Wbem;C:\Windows\System32\WindowsPowerShell\v1.0;C:\Windows\System32\OpenSSH;C:\Program Files (x86)\NVIDIA Corporation\PhysX\Common;C:\Program Files\NVIDIA Corporation\NVIDIA NvDLISR;C:\Program Files\Java\jdk1.8.0_361\bin;C:\Program Files\Java\jdk1.8.0_361\jre\bin;C:\Program Files\Python311;C:\Program Files\Python27;E:\AndroidSDK\platform-tools;E:\maven\apache-maven-3.9.3\bin;E:\MySQL\bin;C:\Program Files\Microsoft SQL Server\Client SDK\ODBC\110\Tools\Binn;C:\Program Files (x86)\Microsoft SQL Server\120\Tools\Binn;C:\Program Files\Microsoft SQL Server\120\Tools\Binn;C:\Program Files\Microsoft SQL Server\120\DTS\Binn;C:\Program Files (x86)\Windows Kits\8.1\Windows Performance Toolkit;E:\Graphviz\bin;E:\PythonData\Scripts;E:\PythonData\condabin;E:\Redis;E:\Nodejs;C:\Program Files\dotnet;C:\WINDOWS\system32;C:\WINDOWS;C:\WINDOWS\System32\Wbem;C:\WINDOWS\System32\WindowsPowerShell\v1.0;C:\WINDOWS\System32\OpenSSH;E:\Ruby\Ruby34-x64\bin;C:\Program Files\Python311\Scripts;C:\Program Files\Python311;C:\Program Files\Python27;C:\Program Files\Python27\Scripts;C:\Users\WTH\AppData\Local\Microsoft\WindowsApps;D:\Tools\Bandizip;D:\Tools\Microsoft VS Code\bin;D:\Tools\Pycharm\PyCharm Community Edition 2022.3.2\bin;E:\IDEA\IntelliJ IDEA Community Edition 2023.1.3\bin;E:\IDEA\IntelliJ IDEA 2023.1.3\bin;C:\Users\WTH\AppData\Roaming\npm;C:\Users\WTH\AppData\Local\Microsoft\WindowsApps;D:\Tools\Git\usr\bin\vendor_perl;D:\Tools\Git\usr\bin\core_perl;C:\Ruby31-x64\bin;C:\Ruby31-x64\msys64\ucrt64\bin;E:\Ruby\Ruby34-x64\bin;E:\Ruby\Ruby34-x64\msys64\ucrt64\bin;E:\Ruby\Ruby34-x64\bin;E:\Ruby\Ruby34-x64\msys64\ucrt64\bin" ASAN_OPTIONS=detect_leaks=0 "gcc -o conftest.exe -IE:/Ruby/Ruby34-x64/include/ruby-3.4.0/x64-mingw-ucrt -IE:/Ruby/Ruby34-x64/include/ruby-3.4.0/ruby/backward -IE:/Ruby/Ruby34-x64/include/ruby-3.4.0 -I. -D_WIN32_WINNT=0x0600 -D__MINGW_USE_VC2005_COMPAT -D_FILE_OFFSET_BITS=64  -O3 -fstack-protector-strong conftest.c -L. -LE:/Ruby/Ruby34-x64/lib -L. -pipe -s -fstack-protector-strong -lpthread -Wl,--no-as-needed     -lx64-ucrt-ruby340  -lshell32 -lws2_32 -liphlpapi -limagehlp -lshlwapi -lbcrypt  "
conftest.c:18:13: error: conflicting types for '_lzcnt_u32'; have 'void(void)'
   18 | extern void _lzcnt_u32();
      |             ^~~~~~~~~~
In file included from E:/Ruby/Ruby34-x64/msys64/ucrt64/lib/gcc/x86_64-w64-mingw32/15.1.0/include/x86gprintrin.h:61,
                 from E:/Ruby/Ruby34-x64/msys64/ucrt64/lib/gcc/x86_64-w64-mingw32/15.1.0/include/x86intrin.h:27,
                 from E:/Ruby/Ruby34-x64/msys64/ucrt64/include/winnt.h:1695,
                 from E:/Ruby/Ruby34-x64/msys64/ucrt64/include/minwindef.h:163,
                 from E:/Ruby/Ruby34-x64/msys64/ucrt64/include/windef.h:9,
                 from E:/Ruby/Ruby34-x64/msys64/ucrt64/include/windows.h:69,
                 from E:/Ruby/Ruby34-x64/msys64/ucrt64/include/winsock2.h:23,
                 from E:/Ruby/Ruby34-x64/include/ruby-3.4.0/ruby/win32.h:36,
                 from E:/Ruby/Ruby34-x64/include/ruby-3.4.0/ruby/internal/dosish.h:38,
                 from E:/Ruby/Ruby34-x64/include/ruby-3.4.0/ruby/defines.h:78,
                 from E:/Ruby/Ruby34-x64/include/ruby-3.4.0/ruby/ruby.h:25,
                 from E:/Ruby/Ruby34-x64/include/ruby-3.4.0/ruby.h:38,
                 from conftest.c:1:
E:/Ruby/Ruby34-x64/msys64/ucrt64/lib/gcc/x86_64-w64-mingw32/15.1.0/include/lzcntintrin.h:51:1: note: previous definition of '_lzcnt_u32' with type 'unsigned int(unsigned int)'
   51 | _lzcnt_u32 (unsigned int __X)
      | ^~~~~~~~~~
checked program was:
/* begin */
 1: #include "ruby.h"
 2: 
 3: #include <winsock2.h>
 4: #include <windows.h>
 5: #include <x86intrin.h>
 6: 
 7: /*top*/
 8: extern int t(void);
 9: int main(int argc, char **argv)
10: {
11:   if (argc > 1000000) {
12:     int (* volatile tp)(void)=(int (*)(void))&t;
13:     printf("%d", (*tp)());
14:   }
15: 
16:   return !!argv[argc];
17: }
18: extern void _lzcnt_u32();
19: int t(void) { _lzcnt_u32(); return 0; }
/* end */

--------------------

have_func: checking for _lzcnt_u64() in x86intrin.h... -------------------- no

PATH=".;E:/Ruby/Ruby34-x64/lib;E:\Ruby\Ruby34-x64\bin;E:\Ruby\Ruby34-x64\msys64\ucrt64\bin;E:\Ruby\Ruby34-x64\msys64\usr\bin;C:\Users\WTH\bin;D:\Tools\Git\mingw64\bin;D:\Tools\Git\usr\local\bin;D:\Tools\Git\usr\bin;D:\Tools\Git\usr\bin;D:\Tools\Git\mingw64\bin;D:\Tools\Git\usr\bin;C:\Users\WTH\bin;C:\Program Files (x86)\VMware\VMware Workstation\bin;C:\Program Files (x86)\Common Files\Oracle\Java\javapath;C:\Windows\system32;C:\Windows;C:\Windows\System32\Wbem;C:\Windows\System32\WindowsPowerShell\v1.0;C:\Windows\System32\OpenSSH;C:\Program Files (x86)\NVIDIA Corporation\PhysX\Common;C:\Program Files\NVIDIA Corporation\NVIDIA NvDLISR;C:\Program Files\Java\jdk1.8.0_361\bin;C:\Program Files\Java\jdk1.8.0_361\jre\bin;C:\Program Files\Python311;C:\Program Files\Python27;E:\AndroidSDK\platform-tools;E:\maven\apache-maven-3.9.3\bin;E:\MySQL\bin;C:\Program Files\Microsoft SQL Server\Client SDK\ODBC\110\Tools\Binn;C:\Program Files (x86)\Microsoft SQL Server\120\Tools\Binn;C:\Program Files\Microsoft SQL Server\120\Tools\Binn;C:\Program Files\Microsoft SQL Server\120\DTS\Binn;C:\Program Files (x86)\Windows Kits\8.1\Windows Performance Toolkit;E:\Graphviz\bin;E:\PythonData\Scripts;E:\PythonData\condabin;E:\Redis;E:\Nodejs;C:\Program Files\dotnet;C:\WINDOWS\system32;C:\WINDOWS;C:\WINDOWS\System32\Wbem;C:\WINDOWS\System32\WindowsPowerShell\v1.0;C:\WINDOWS\System32\OpenSSH;E:\Ruby\Ruby34-x64\bin;C:\Program Files\Python311\Scripts;C:\Program Files\Python311;C:\Program Files\Python27;C:\Program Files\Python27\Scripts;C:\Users\WTH\AppData\Local\Microsoft\WindowsApps;D:\Tools\Bandizip;D:\Tools\Microsoft VS Code\bin;D:\Tools\Pycharm\PyCharm Community Edition 2022.3.2\bin;E:\IDEA\IntelliJ IDEA Community Edition 2023.1.3\bin;E:\IDEA\IntelliJ IDEA 2023.1.3\bin;C:\Users\WTH\AppData\Roaming\npm;C:\Users\WTH\AppData\Local\Microsoft\WindowsApps;D:\Tools\Git\usr\bin\vendor_perl;D:\Tools\Git\usr\bin\core_perl;C:\Ruby31-x64\bin;C:\Ruby31-x64\msys64\ucrt64\bin;E:\Ruby\Ruby34-x64\bin;E:\Ruby\Ruby34-x64\msys64\ucrt64\bin;E:\Ruby\Ruby34-x64\bin;E:\Ruby\Ruby34-x64\msys64\ucrt64\bin" ASAN_OPTIONS=detect_leaks=0 "gcc -o conftest.exe -IE:/Ruby/Ruby34-x64/include/ruby-3.4.0/x64-mingw-ucrt -IE:/Ruby/Ruby34-x64/include/ruby-3.4.0/ruby/backward -IE:/Ruby/Ruby34-x64/include/ruby-3.4.0 -I. -D_WIN32_WINNT=0x0600 -D__MINGW_USE_VC2005_COMPAT -D_FILE_OFFSET_BITS=64  -O3 -fstack-protector-strong conftest.c -L. -LE:/Ruby/Ruby34-x64/lib -L. -pipe -s -fstack-protector-strong -lpthread -Wl,--no-as-needed     -lx64-ucrt-ruby340  -lshell32 -lws2_32 -liphlpapi -limagehlp -lshlwapi -lbcrypt  "
E:/Ruby/Ruby34-x64/msys64/ucrt64/bin/../lib/gcc/x86_64-w64-mingw32/15.1.0/../../../../x86_64-w64-mingw32/bin/ld.exe: C:\Users\WTH\AppData\Local\Temp\ccsDrtV5.o:conftest.c:(.rdata$.refptr._lzcnt_u64[.refptr._lzcnt_u64]+0x0): undefined reference to `_lzcnt_u64'
collect2.exe: error: ld returned 1 exit status
checked program was:
/* begin */
 1: #include "ruby.h"
 2: 
 3: #include <winsock2.h>
 4: #include <windows.h>
 5: #include <x86intrin.h>
 6: 
 7: /*top*/
 8: extern int t(void);
 9: int main(int argc, char **argv)
10: {
11:   if (argc > 1000000) {
12:     int (* volatile tp)(void)=(int (*)(void))&t;
13:     printf("%d", (*tp)());
14:   }
15: 
16:   return !!argv[argc];
17: }
18: int t(void) { void ((*volatile p)()); p = (void ((*)()))_lzcnt_u64; return !p; }
/* end */

PATH=".;E:/Ruby/Ruby34-x64/lib;E:\Ruby\Ruby34-x64\bin;E:\Ruby\Ruby34-x64\msys64\ucrt64\bin;E:\Ruby\Ruby34-x64\msys64\usr\bin;C:\Users\WTH\bin;D:\Tools\Git\mingw64\bin;D:\Tools\Git\usr\local\bin;D:\Tools\Git\usr\bin;D:\Tools\Git\usr\bin;D:\Tools\Git\mingw64\bin;D:\Tools\Git\usr\bin;C:\Users\WTH\bin;C:\Program Files (x86)\VMware\VMware Workstation\bin;C:\Program Files (x86)\Common Files\Oracle\Java\javapath;C:\Windows\system32;C:\Windows;C:\Windows\System32\Wbem;C:\Windows\System32\WindowsPowerShell\v1.0;C:\Windows\System32\OpenSSH;C:\Program Files (x86)\NVIDIA Corporation\PhysX\Common;C:\Program Files\NVIDIA Corporation\NVIDIA NvDLISR;C:\Program Files\Java\jdk1.8.0_361\bin;C:\Program Files\Java\jdk1.8.0_361\jre\bin;C:\Program Files\Python311;C:\Program Files\Python27;E:\AndroidSDK\platform-tools;E:\maven\apache-maven-3.9.3\bin;E:\MySQL\bin;C:\Program Files\Microsoft SQL Server\Client SDK\ODBC\110\Tools\Binn;C:\Program Files (x86)\Microsoft SQL Server\120\Tools\Binn;C:\Program Files\Microsoft SQL Server\120\Tools\Binn;C:\Program Files\Microsoft SQL Server\120\DTS\Binn;C:\Program Files (x86)\Windows Kits\8.1\Windows Performance Toolkit;E:\Graphviz\bin;E:\PythonData\Scripts;E:\PythonData\condabin;E:\Redis;E:\Nodejs;C:\Program Files\dotnet;C:\WINDOWS\system32;C:\WINDOWS;C:\WINDOWS\System32\Wbem;C:\WINDOWS\System32\WindowsPowerShell\v1.0;C:\WINDOWS\System32\OpenSSH;E:\Ruby\Ruby34-x64\bin;C:\Program Files\Python311\Scripts;C:\Program Files\Python311;C:\Program Files\Python27;C:\Program Files\Python27\Scripts;C:\Users\WTH\AppData\Local\Microsoft\WindowsApps;D:\Tools\Bandizip;D:\Tools\Microsoft VS Code\bin;D:\Tools\Pycharm\PyCharm Community Edition 2022.3.2\bin;E:\IDEA\IntelliJ IDEA Community Edition 2023.1.3\bin;E:\IDEA\IntelliJ IDEA 2023.1.3\bin;C:\Users\WTH\AppData\Roaming\npm;C:\Users\WTH\AppData\Local\Microsoft\WindowsApps;D:\Tools\Git\usr\bin\vendor_perl;D:\Tools\Git\usr\bin\core_perl;C:\Ruby31-x64\bin;C:\Ruby31-x64\msys64\ucrt64\bin;E:\Ruby\Ruby34-x64\bin;E:\Ruby\Ruby34-x64\msys64\ucrt64\bin;E:\Ruby\Ruby34-x64\bin;E:\Ruby\Ruby34-x64\msys64\ucrt64\bin" ASAN_OPTIONS=detect_leaks=0 "gcc -o conftest.exe -IE:/Ruby/Ruby34-x64/include/ruby-3.4.0/x64-mingw-ucrt -IE:/Ruby/Ruby34-x64/include/ruby-3.4.0/ruby/backward -IE:/Ruby/Ruby34-x64/include/ruby-3.4.0 -I. -D_WIN32_WINNT=0x0600 -D__MINGW_USE_VC2005_COMPAT -D_FILE_OFFSET_BITS=64  -O3 -fstack-protector-strong conftest.c -L. -LE:/Ruby/Ruby34-x64/lib -L. -pipe -s -fstack-protector-strong -lpthread -Wl,--no-as-needed     -lx64-ucrt-ruby340  -lshell32 -lws2_32 -liphlpapi -limagehlp -lshlwapi -lbcrypt  "
conftest.c:18:13: error: conflicting types for '_lzcnt_u64'; have 'void(void)'
   18 | extern void _lzcnt_u64();
      |             ^~~~~~~~~~
In file included from E:/Ruby/Ruby34-x64/msys64/ucrt64/lib/gcc/x86_64-w64-mingw32/15.1.0/include/x86gprintrin.h:61,
                 from E:/Ruby/Ruby34-x64/msys64/ucrt64/lib/gcc/x86_64-w64-mingw32/15.1.0/include/x86intrin.h:27,
                 from E:/Ruby/Ruby34-x64/msys64/ucrt64/include/winnt.h:1695,
                 from E:/Ruby/Ruby34-x64/msys64/ucrt64/include/minwindef.h:163,
                 from E:/Ruby/Ruby34-x64/msys64/ucrt64/include/windef.h:9,
                 from E:/Ruby/Ruby34-x64/msys64/ucrt64/include/windows.h:69,
                 from E:/Ruby/Ruby34-x64/msys64/ucrt64/include/winsock2.h:23,
                 from E:/Ruby/Ruby34-x64/include/ruby-3.4.0/ruby/win32.h:36,
                 from E:/Ruby/Ruby34-x64/include/ruby-3.4.0/ruby/internal/dosish.h:38,
                 from E:/Ruby/Ruby34-x64/include/ruby-3.4.0/ruby/defines.h:78,
                 from E:/Ruby/Ruby34-x64/include/ruby-3.4.0/ruby/ruby.h:25,
                 from E:/Ruby/Ruby34-x64/include/ruby-3.4.0/ruby.h:38,
                 from conftest.c:1:
E:/Ruby/Ruby34-x64/msys64/ucrt64/lib/gcc/x86_64-w64-mingw32/15.1.0/include/lzcntintrin.h:64:1: note: previous definition of '_lzcnt_u64' with type 'long long unsigned int(long long unsigned int)'
   64 | _lzcnt_u64 (unsigned long long __X)
      | ^~~~~~~~~~
checked program was:
/* begin */
 1: #include "ruby.h"
 2: 
 3: #include <winsock2.h>
 4: #include <windows.h>
 5: #include <x86intrin.h>
 6: 
 7: /*top*/
 8: extern int t(void);
 9: int main(int argc, char **argv)
10: {
11:   if (argc > 1000000) {
12:     int (* volatile tp)(void)=(int (*)(void))&t;
13:     printf("%d", (*tp)());
14:   }
15: 
16:   return !!argv[argc];
17: }
18: extern void _lzcnt_u64();
19: int t(void) { _lzcnt_u64(); return 0; }
/* end */

--------------------

have_header: checking for intrin.h... -------------------- yes

PATH=".;E:/Ruby/Ruby34-x64/lib;E:\Ruby\Ruby34-x64\bin;E:\Ruby\Ruby34-x64\msys64\ucrt64\bin;E:\Ruby\Ruby34-x64\msys64\usr\bin;C:\Users\WTH\bin;D:\Tools\Git\mingw64\bin;D:\Tools\Git\usr\local\bin;D:\Tools\Git\usr\bin;D:\Tools\Git\usr\bin;D:\Tools\Git\mingw64\bin;D:\Tools\Git\usr\bin;C:\Users\WTH\bin;C:\Program Files (x86)\VMware\VMware Workstation\bin;C:\Program Files (x86)\Common Files\Oracle\Java\javapath;C:\Windows\system32;C:\Windows;C:\Windows\System32\Wbem;C:\Windows\System32\WindowsPowerShell\v1.0;C:\Windows\System32\OpenSSH;C:\Program Files (x86)\NVIDIA Corporation\PhysX\Common;C:\Program Files\NVIDIA Corporation\NVIDIA NvDLISR;C:\Program Files\Java\jdk1.8.0_361\bin;C:\Program Files\Java\jdk1.8.0_361\jre\bin;C:\Program Files\Python311;C:\Program Files\Python27;E:\AndroidSDK\platform-tools;E:\maven\apache-maven-3.9.3\bin;E:\MySQL\bin;C:\Program Files\Microsoft SQL Server\Client SDK\ODBC\110\Tools\Binn;C:\Program Files (x86)\Microsoft SQL Server\120\Tools\Binn;C:\Program Files\Microsoft SQL Server\120\Tools\Binn;C:\Program Files\Microsoft SQL Server\120\DTS\Binn;C:\Program Files (x86)\Windows Kits\8.1\Windows Performance Toolkit;E:\Graphviz\bin;E:\PythonData\Scripts;E:\PythonData\condabin;E:\Redis;E:\Nodejs;C:\Program Files\dotnet;C:\WINDOWS\system32;C:\WINDOWS;C:\WINDOWS\System32\Wbem;C:\WINDOWS\System32\WindowsPowerShell\v1.0;C:\WINDOWS\System32\OpenSSH;E:\Ruby\Ruby34-x64\bin;C:\Program Files\Python311\Scripts;C:\Program Files\Python311;C:\Program Files\Python27;C:\Program Files\Python27\Scripts;C:\Users\WTH\AppData\Local\Microsoft\WindowsApps;D:\Tools\Bandizip;D:\Tools\Microsoft VS Code\bin;D:\Tools\Pycharm\PyCharm Community Edition 2022.3.2\bin;E:\IDEA\IntelliJ IDEA Community Edition 2023.1.3\bin;E:\IDEA\IntelliJ IDEA 2023.1.3\bin;C:\Users\WTH\AppData\Roaming\npm;C:\Users\WTH\AppData\Local\Microsoft\WindowsApps;D:\Tools\Git\usr\bin\vendor_perl;D:\Tools\Git\usr\bin\core_perl;C:\Ruby31-x64\bin;C:\Ruby31-x64\msys64\ucrt64\bin;E:\Ruby\Ruby34-x64\bin;E:\Ruby\Ruby34-x64\msys64\ucrt64\bin;E:\Ruby\Ruby34-x64\bin;E:\Ruby\Ruby34-x64\msys64\ucrt64\bin" ASAN_OPTIONS=detect_leaks=0 "gcc -IE:/Ruby/Ruby34-x64/include/ruby-3.4.0/x64-mingw-ucrt -IE:/Ruby/Ruby34-x64/include/ruby-3.4.0/ruby/backward -IE:/Ruby/Ruby34-x64/include/ruby-3.4.0 -I. -D_WIN32_WINNT=0x0600 -D__MINGW_USE_VC2005_COMPAT -D_FILE_OFFSET_BITS=64  -O3 -fstack-protector-strong   -c conftest.c"
checked program was:
/* begin */
1: #include "ruby.h"
2: 
3: #include <winsock2.h>
4: #include <windows.h>
5: #include <intrin.h>
/* end */

--------------------

have_func: checking for __lzcnt() in intrin.h... -------------------- no

PATH=".;E:/Ruby/Ruby34-x64/lib;E:\Ruby\Ruby34-x64\bin;E:\Ruby\Ruby34-x64\msys64\ucrt64\bin;E:\Ruby\Ruby34-x64\msys64\usr\bin;C:\Users\WTH\bin;D:\Tools\Git\mingw64\bin;D:\Tools\Git\usr\local\bin;D:\Tools\Git\usr\bin;D:\Tools\Git\usr\bin;D:\Tools\Git\mingw64\bin;D:\Tools\Git\usr\bin;C:\Users\WTH\bin;C:\Program Files (x86)\VMware\VMware Workstation\bin;C:\Program Files (x86)\Common Files\Oracle\Java\javapath;C:\Windows\system32;C:\Windows;C:\Windows\System32\Wbem;C:\Windows\System32\WindowsPowerShell\v1.0;C:\Windows\System32\OpenSSH;C:\Program Files (x86)\NVIDIA Corporation\PhysX\Common;C:\Program Files\NVIDIA Corporation\NVIDIA NvDLISR;C:\Program Files\Java\jdk1.8.0_361\bin;C:\Program Files\Java\jdk1.8.0_361\jre\bin;C:\Program Files\Python311;C:\Program Files\Python27;E:\AndroidSDK\platform-tools;E:\maven\apache-maven-3.9.3\bin;E:\MySQL\bin;C:\Program Files\Microsoft SQL Server\Client SDK\ODBC\110\Tools\Binn;C:\Program Files (x86)\Microsoft SQL Server\120\Tools\Binn;C:\Program Files\Microsoft SQL Server\120\Tools\Binn;C:\Program Files\Microsoft SQL Server\120\DTS\Binn;C:\Program Files (x86)\Windows Kits\8.1\Windows Performance Toolkit;E:\Graphviz\bin;E:\PythonData\Scripts;E:\PythonData\condabin;E:\Redis;E:\Nodejs;C:\Program Files\dotnet;C:\WINDOWS\system32;C:\WINDOWS;C:\WINDOWS\System32\Wbem;C:\WINDOWS\System32\WindowsPowerShell\v1.0;C:\WINDOWS\System32\OpenSSH;E:\Ruby\Ruby34-x64\bin;C:\Program Files\Python311\Scripts;C:\Program Files\Python311;C:\Program Files\Python27;C:\Program Files\Python27\Scripts;C:\Users\WTH\AppData\Local\Microsoft\WindowsApps;D:\Tools\Bandizip;D:\Tools\Microsoft VS Code\bin;D:\Tools\Pycharm\PyCharm Community Edition 2022.3.2\bin;E:\IDEA\IntelliJ IDEA Community Edition 2023.1.3\bin;E:\IDEA\IntelliJ IDEA 2023.1.3\bin;C:\Users\WTH\AppData\Roaming\npm;C:\Users\WTH\AppData\Local\Microsoft\WindowsApps;D:\Tools\Git\usr\bin\vendor_perl;D:\Tools\Git\usr\bin\core_perl;C:\Ruby31-x64\bin;C:\Ruby31-x64\msys64\ucrt64\bin;E:\Ruby\Ruby34-x64\bin;E:\Ruby\Ruby34-x64\msys64\ucrt64\bin;E:\Ruby\Ruby34-x64\bin;E:\Ruby\Ruby34-x64\msys64\ucrt64\bin" ASAN_OPTIONS=detect_leaks=0 "gcc -o conftest.exe -IE:/Ruby/Ruby34-x64/include/ruby-3.4.0/x64-mingw-ucrt -IE:/Ruby/Ruby34-x64/include/ruby-3.4.0/ruby/backward -IE:/Ruby/Ruby34-x64/include/ruby-3.4.0 -I. -D_WIN32_WINNT=0x0600 -D__MINGW_USE_VC2005_COMPAT -D_FILE_OFFSET_BITS=64  -O3 -fstack-protector-strong conftest.c -L. -LE:/Ruby/Ruby34-x64/lib -L. -pipe -s -fstack-protector-strong -lpthread -Wl,--no-as-needed     -lx64-ucrt-ruby340  -lshell32 -lws2_32 -liphlpapi -limagehlp -lshlwapi -lbcrypt  "
conftest.c: In function 't':
conftest.c:18:57: error: '__lzcnt' undeclared (first use in this function); did you mean '__lzcnt64'?
   18 | int t(void) { void ((*volatile p)()); p = (void ((*)()))__lzcnt; return !p; }
      |                                                         ^~~~~~~
      |                                                         __lzcnt64
conftest.c:18:57: note: each undeclared identifier is reported only once for each function it appears in
checked program was:
/* begin */
 1: #include "ruby.h"
 2: 
 3: #include <winsock2.h>
 4: #include <windows.h>
 5: #include <intrin.h>
 6: 
 7: /*top*/
 8: extern int t(void);
 9: int main(int argc, char **argv)
10: {
11:   if (argc > 1000000) {
12:     int (* volatile tp)(void)=(int (*)(void))&t;
13:     printf("%d", (*tp)());
14:   }
15: 
16:   return !!argv[argc];
17: }
18: int t(void) { void ((*volatile p)()); p = (void ((*)()))__lzcnt; return !p; }
/* end */

PATH=".;E:/Ruby/Ruby34-x64/lib;E:\Ruby\Ruby34-x64\bin;E:\Ruby\Ruby34-x64\msys64\ucrt64\bin;E:\Ruby\Ruby34-x64\msys64\usr\bin;C:\Users\WTH\bin;D:\Tools\Git\mingw64\bin;D:\Tools\Git\usr\local\bin;D:\Tools\Git\usr\bin;D:\Tools\Git\usr\bin;D:\Tools\Git\mingw64\bin;D:\Tools\Git\usr\bin;C:\Users\WTH\bin;C:\Program Files (x86)\VMware\VMware Workstation\bin;C:\Program Files (x86)\Common Files\Oracle\Java\javapath;C:\Windows\system32;C:\Windows;C:\Windows\System32\Wbem;C:\Windows\System32\WindowsPowerShell\v1.0;C:\Windows\System32\OpenSSH;C:\Program Files (x86)\NVIDIA Corporation\PhysX\Common;C:\Program Files\NVIDIA Corporation\NVIDIA NvDLISR;C:\Program Files\Java\jdk1.8.0_361\bin;C:\Program Files\Java\jdk1.8.0_361\jre\bin;C:\Program Files\Python311;C:\Program Files\Python27;E:\AndroidSDK\platform-tools;E:\maven\apache-maven-3.9.3\bin;E:\MySQL\bin;C:\Program Files\Microsoft SQL Server\Client SDK\ODBC\110\Tools\Binn;C:\Program Files (x86)\Microsoft SQL Server\120\Tools\Binn;C:\Program Files\Microsoft SQL Server\120\Tools\Binn;C:\Program Files\Microsoft SQL Server\120\DTS\Binn;C:\Program Files (x86)\Windows Kits\8.1\Windows Performance Toolkit;E:\Graphviz\bin;E:\PythonData\Scripts;E:\PythonData\condabin;E:\Redis;E:\Nodejs;C:\Program Files\dotnet;C:\WINDOWS\system32;C:\WINDOWS;C:\WINDOWS\System32\Wbem;C:\WINDOWS\System32\WindowsPowerShell\v1.0;C:\WINDOWS\System32\OpenSSH;E:\Ruby\Ruby34-x64\bin;C:\Program Files\Python311\Scripts;C:\Program Files\Python311;C:\Program Files\Python27;C:\Program Files\Python27\Scripts;C:\Users\WTH\AppData\Local\Microsoft\WindowsApps;D:\Tools\Bandizip;D:\Tools\Microsoft VS Code\bin;D:\Tools\Pycharm\PyCharm Community Edition 2022.3.2\bin;E:\IDEA\IntelliJ IDEA Community Edition 2023.1.3\bin;E:\IDEA\IntelliJ IDEA 2023.1.3\bin;C:\Users\WTH\AppData\Roaming\npm;C:\Users\WTH\AppData\Local\Microsoft\WindowsApps;D:\Tools\Git\usr\bin\vendor_perl;D:\Tools\Git\usr\bin\core_perl;C:\Ruby31-x64\bin;C:\Ruby31-x64\msys64\ucrt64\bin;E:\Ruby\Ruby34-x64\bin;E:\Ruby\Ruby34-x64\msys64\ucrt64\bin;E:\Ruby\Ruby34-x64\bin;E:\Ruby\Ruby34-x64\msys64\ucrt64\bin" ASAN_OPTIONS=detect_leaks=0 "gcc -o conftest.exe -IE:/Ruby/Ruby34-x64/include/ruby-3.4.0/x64-mingw-ucrt -IE:/Ruby/Ruby34-x64/include/ruby-3.4.0/ruby/backward -IE:/Ruby/Ruby34-x64/include/ruby-3.4.0 -I. -D_WIN32_WINNT=0x0600 -D__MINGW_USE_VC2005_COMPAT -D_FILE_OFFSET_BITS=64  -O3 -fstack-protector-strong conftest.c -L. -LE:/Ruby/Ruby34-x64/lib -L. -pipe -s -fstack-protector-strong -lpthread -Wl,--no-as-needed     -lx64-ucrt-ruby340  -lshell32 -lws2_32 -liphlpapi -limagehlp -lshlwapi -lbcrypt  "
E:/Ruby/Ruby34-x64/msys64/ucrt64/bin/../lib/gcc/x86_64-w64-mingw32/15.1.0/../../../../x86_64-w64-mingw32/bin/ld.exe: C:\Users\WTH\AppData\Local\Temp\ccQRhQaf.o:conftest.c:(.text+0x5): undefined reference to `__lzcnt'
collect2.exe: error: ld returned 1 exit status
checked program was:
/* begin */
 1: #include "ruby.h"
 2: 
 3: #include <winsock2.h>
 4: #include <windows.h>
 5: #include <intrin.h>
 6: 
 7: /*top*/
 8: extern int t(void);
 9: int main(int argc, char **argv)
10: {
11:   if (argc > 1000000) {
12:     int (* volatile tp)(void)=(int (*)(void))&t;
13:     printf("%d", (*tp)());
14:   }
15: 
16:   return !!argv[argc];
17: }
18: extern void __lzcnt();
19: int t(void) { __lzcnt(); return 0; }
/* end */

--------------------

have_func: checking for __lzcnt64() in intrin.h... -------------------- no

PATH=".;E:/Ruby/Ruby34-x64/lib;E:\Ruby\Ruby34-x64\bin;E:\Ruby\Ruby34-x64\msys64\ucrt64\bin;E:\Ruby\Ruby34-x64\msys64\usr\bin;C:\Users\WTH\bin;D:\Tools\Git\mingw64\bin;D:\Tools\Git\usr\local\bin;D:\Tools\Git\usr\bin;D:\Tools\Git\usr\bin;D:\Tools\Git\mingw64\bin;D:\Tools\Git\usr\bin;C:\Users\WTH\bin;C:\Program Files (x86)\VMware\VMware Workstation\bin;C:\Program Files (x86)\Common Files\Oracle\Java\javapath;C:\Windows\system32;C:\Windows;C:\Windows\System32\Wbem;C:\Windows\System32\WindowsPowerShell\v1.0;C:\Windows\System32\OpenSSH;C:\Program Files (x86)\NVIDIA Corporation\PhysX\Common;C:\Program Files\NVIDIA Corporation\NVIDIA NvDLISR;C:\Program Files\Java\jdk1.8.0_361\bin;C:\Program Files\Java\jdk1.8.0_361\jre\bin;C:\Program Files\Python311;C:\Program Files\Python27;E:\AndroidSDK\platform-tools;E:\maven\apache-maven-3.9.3\bin;E:\MySQL\bin;C:\Program Files\Microsoft SQL Server\Client SDK\ODBC\110\Tools\Binn;C:\Program Files (x86)\Microsoft SQL Server\120\Tools\Binn;C:\Program Files\Microsoft SQL Server\120\Tools\Binn;C:\Program Files\Microsoft SQL Server\120\DTS\Binn;C:\Program Files (x86)\Windows Kits\8.1\Windows Performance Toolkit;E:\Graphviz\bin;E:\PythonData\Scripts;E:\PythonData\condabin;E:\Redis;E:\Nodejs;C:\Program Files\dotnet;C:\WINDOWS\system32;C:\WINDOWS;C:\WINDOWS\System32\Wbem;C:\WINDOWS\System32\WindowsPowerShell\v1.0;C:\WINDOWS\System32\OpenSSH;E:\Ruby\Ruby34-x64\bin;C:\Program Files\Python311\Scripts;C:\Program Files\Python311;C:\Program Files\Python27;C:\Program Files\Python27\Scripts;C:\Users\WTH\AppData\Local\Microsoft\WindowsApps;D:\Tools\Bandizip;D:\Tools\Microsoft VS Code\bin;D:\Tools\Pycharm\PyCharm Community Edition 2022.3.2\bin;E:\IDEA\IntelliJ IDEA Community Edition 2023.1.3\bin;E:\IDEA\IntelliJ IDEA 2023.1.3\bin;C:\Users\WTH\AppData\Roaming\npm;C:\Users\WTH\AppData\Local\Microsoft\WindowsApps;D:\Tools\Git\usr\bin\vendor_perl;D:\Tools\Git\usr\bin\core_perl;C:\Ruby31-x64\bin;C:\Ruby31-x64\msys64\ucrt64\bin;E:\Ruby\Ruby34-x64\bin;E:\Ruby\Ruby34-x64\msys64\ucrt64\bin;E:\Ruby\Ruby34-x64\bin;E:\Ruby\Ruby34-x64\msys64\ucrt64\bin" ASAN_OPTIONS=detect_leaks=0 "gcc -o conftest.exe -IE:/Ruby/Ruby34-x64/include/ruby-3.4.0/x64-mingw-ucrt -IE:/Ruby/Ruby34-x64/include/ruby-3.4.0/ruby/backward -IE:/Ruby/Ruby34-x64/include/ruby-3.4.0 -I. -D_WIN32_WINNT=0x0600 -D__MINGW_USE_VC2005_COMPAT -D_FILE_OFFSET_BITS=64  -O3 -fstack-protector-strong conftest.c -L. -LE:/Ruby/Ruby34-x64/lib -L. -pipe -s -fstack-protector-strong -lpthread -Wl,--no-as-needed     -lx64-ucrt-ruby340  -lshell32 -lws2_32 -liphlpapi -limagehlp -lshlwapi -lbcrypt  "
E:/Ruby/Ruby34-x64/msys64/ucrt64/bin/../lib/gcc/x86_64-w64-mingw32/15.1.0/../../../../x86_64-w64-mingw32/bin/ld.exe: C:\Users\WTH\AppData\Local\Temp\ccsJOQon.o:conftest.c:(.rdata$.refptr.__lzcnt64[.refptr.__lzcnt64]+0x0): undefined reference to `__lzcnt64'
collect2.exe: error: ld returned 1 exit status
checked program was:
/* begin */
 1: #include "ruby.h"
 2: 
 3: #include <winsock2.h>
 4: #include <windows.h>
 5: #include <intrin.h>
 6: 
 7: /*top*/
 8: extern int t(void);
 9: int main(int argc, char **argv)
10: {
11:   if (argc > 1000000) {
12:     int (* volatile tp)(void)=(int (*)(void))&t;
13:     printf("%d", (*tp)());
14:   }
15: 
16:   return !!argv[argc];
17: }
18: int t(void) { void ((*volatile p)()); p = (void ((*)()))__lzcnt64; return !p; }
/* end */

PATH=".;E:/Ruby/Ruby34-x64/lib;E:\Ruby\Ruby34-x64\bin;E:\Ruby\Ruby34-x64\msys64\ucrt64\bin;E:\Ruby\Ruby34-x64\msys64\usr\bin;C:\Users\WTH\bin;D:\Tools\Git\mingw64\bin;D:\Tools\Git\usr\local\bin;D:\Tools\Git\usr\bin;D:\Tools\Git\usr\bin;D:\Tools\Git\mingw64\bin;D:\Tools\Git\usr\bin;C:\Users\WTH\bin;C:\Program Files (x86)\VMware\VMware Workstation\bin;C:\Program Files (x86)\Common Files\Oracle\Java\javapath;C:\Windows\system32;C:\Windows;C:\Windows\System32\Wbem;C:\Windows\System32\WindowsPowerShell\v1.0;C:\Windows\System32\OpenSSH;C:\Program Files (x86)\NVIDIA Corporation\PhysX\Common;C:\Program Files\NVIDIA Corporation\NVIDIA NvDLISR;C:\Program Files\Java\jdk1.8.0_361\bin;C:\Program Files\Java\jdk1.8.0_361\jre\bin;C:\Program Files\Python311;C:\Program Files\Python27;E:\AndroidSDK\platform-tools;E:\maven\apache-maven-3.9.3\bin;E:\MySQL\bin;C:\Program Files\Microsoft SQL Server\Client SDK\ODBC\110\Tools\Binn;C:\Program Files (x86)\Microsoft SQL Server\120\Tools\Binn;C:\Program Files\Microsoft SQL Server\120\Tools\Binn;C:\Program Files\Microsoft SQL Server\120\DTS\Binn;C:\Program Files (x86)\Windows Kits\8.1\Windows Performance Toolkit;E:\Graphviz\bin;E:\PythonData\Scripts;E:\PythonData\condabin;E:\Redis;E:\Nodejs;C:\Program Files\dotnet;C:\WINDOWS\system32;C:\WINDOWS;C:\WINDOWS\System32\Wbem;C:\WINDOWS\System32\WindowsPowerShell\v1.0;C:\WINDOWS\System32\OpenSSH;E:\Ruby\Ruby34-x64\bin;C:\Program Files\Python311\Scripts;C:\Program Files\Python311;C:\Program Files\Python27;C:\Program Files\Python27\Scripts;C:\Users\WTH\AppData\Local\Microsoft\WindowsApps;D:\Tools\Bandizip;D:\Tools\Microsoft VS Code\bin;D:\Tools\Pycharm\PyCharm Community Edition 2022.3.2\bin;E:\IDEA\IntelliJ IDEA Community Edition 2023.1.3\bin;E:\IDEA\IntelliJ IDEA 2023.1.3\bin;C:\Users\WTH\AppData\Roaming\npm;C:\Users\WTH\AppData\Local\Microsoft\WindowsApps;D:\Tools\Git\usr\bin\vendor_perl;D:\Tools\Git\usr\bin\core_perl;C:\Ruby31-x64\bin;C:\Ruby31-x64\msys64\ucrt64\bin;E:\Ruby\Ruby34-x64\bin;E:\Ruby\Ruby34-x64\msys64\ucrt64\bin;E:\Ruby\Ruby34-x64\bin;E:\Ruby\Ruby34-x64\msys64\ucrt64\bin" ASAN_OPTIONS=detect_leaks=0 "gcc -o conftest.exe -IE:/Ruby/Ruby34-x64/include/ruby-3.4.0/x64-mingw-ucrt -IE:/Ruby/Ruby34-x64/include/ruby-3.4.0/ruby/backward -IE:/Ruby/Ruby34-x64/include/ruby-3.4.0 -I. -D_WIN32_WINNT=0x0600 -D__MINGW_USE_VC2005_COMPAT -D_FILE_OFFSET_BITS=64  -O3 -fstack-protector-strong conftest.c -L. -LE:/Ruby/Ruby34-x64/lib -L. -pipe -s -fstack-protector-strong -lpthread -Wl,--no-as-needed     -lx64-ucrt-ruby340  -lshell32 -lws2_32 -liphlpapi -limagehlp -lshlwapi -lbcrypt  "
conftest.c:18:13: error: conflicting types for '__lzcnt64'; have 'void(void)'
   18 | extern void __lzcnt64();
      |             ^~~~~~~~~
In file included from E:/Ruby/Ruby34-x64/msys64/ucrt64/lib/gcc/x86_64-w64-mingw32/15.1.0/include/x86gprintrin.h:61,
                 from E:/Ruby/Ruby34-x64/msys64/ucrt64/lib/gcc/x86_64-w64-mingw32/15.1.0/include/x86intrin.h:27,
                 from E:/Ruby/Ruby34-x64/msys64/ucrt64/include/winnt.h:1695,
                 from E:/Ruby/Ruby34-x64/msys64/ucrt64/include/minwindef.h:163,
                 from E:/Ruby/Ruby34-x64/msys64/ucrt64/include/windef.h:9,
                 from E:/Ruby/Ruby34-x64/msys64/ucrt64/include/windows.h:69,
                 from E:/Ruby/Ruby34-x64/msys64/ucrt64/include/winsock2.h:23,
                 from E:/Ruby/Ruby34-x64/include/ruby-3.4.0/ruby/win32.h:36,
                 from E:/Ruby/Ruby34-x64/include/ruby-3.4.0/ruby/internal/dosish.h:38,
                 from E:/Ruby/Ruby34-x64/include/ruby-3.4.0/ruby/defines.h:78,
                 from E:/Ruby/Ruby34-x64/include/ruby-3.4.0/ruby/ruby.h:25,
                 from E:/Ruby/Ruby34-x64/include/ruby-3.4.0/ruby.h:38,
                 from conftest.c:1:
E:/Ruby/Ruby34-x64/msys64/ucrt64/lib/gcc/x86_64-w64-mingw32/15.1.0/include/lzcntintrin.h:58:1: note: previous definition of '__lzcnt64' with type 'long long unsigned int(long long unsigned int)'
   58 | __lzcnt64 (unsigned long long __X)
      | ^~~~~~~~~
checked program was:
/* begin */
 1: #include "ruby.h"
 2: 
 3: #include <winsock2.h>
 4: #include <windows.h>
 5: #include <intrin.h>
 6: 
 7: /*top*/
 8: extern int t(void);
 9: int main(int argc, char **argv)
10: {
11:   if (argc > 1000000) {
12:     int (* volatile tp)(void)=(int (*)(void))&t;
13:     printf("%d", (*tp)());
14:   }
15: 
16:   return !!argv[argc];
17: }
18: extern void __lzcnt64();
19: int t(void) { __lzcnt64(); return 0; }
/* end */

--------------------

have_func: checking for _BitScanReverse() in intrin.h... -------------------- yes

PATH=".;E:/Ruby/Ruby34-x64/lib;E:\Ruby\Ruby34-x64\bin;E:\Ruby\Ruby34-x64\msys64\ucrt64\bin;E:\Ruby\Ruby34-x64\msys64\usr\bin;C:\Users\WTH\bin;D:\Tools\Git\mingw64\bin;D:\Tools\Git\usr\local\bin;D:\Tools\Git\usr\bin;D:\Tools\Git\usr\bin;D:\Tools\Git\mingw64\bin;D:\Tools\Git\usr\bin;C:\Users\WTH\bin;C:\Program Files (x86)\VMware\VMware Workstation\bin;C:\Program Files (x86)\Common Files\Oracle\Java\javapath;C:\Windows\system32;C:\Windows;C:\Windows\System32\Wbem;C:\Windows\System32\WindowsPowerShell\v1.0;C:\Windows\System32\OpenSSH;C:\Program Files (x86)\NVIDIA Corporation\PhysX\Common;C:\Program Files\NVIDIA Corporation\NVIDIA NvDLISR;C:\Program Files\Java\jdk1.8.0_361\bin;C:\Program Files\Java\jdk1.8.0_361\jre\bin;C:\Program Files\Python311;C:\Program Files\Python27;E:\AndroidSDK\platform-tools;E:\maven\apache-maven-3.9.3\bin;E:\MySQL\bin;C:\Program Files\Microsoft SQL Server\Client SDK\ODBC\110\Tools\Binn;C:\Program Files (x86)\Microsoft SQL Server\120\Tools\Binn;C:\Program Files\Microsoft SQL Server\120\Tools\Binn;C:\Program Files\Microsoft SQL Server\120\DTS\Binn;C:\Program Files (x86)\Windows Kits\8.1\Windows Performance Toolkit;E:\Graphviz\bin;E:\PythonData\Scripts;E:\PythonData\condabin;E:\Redis;E:\Nodejs;C:\Program Files\dotnet;C:\WINDOWS\system32;C:\WINDOWS;C:\WINDOWS\System32\Wbem;C:\WINDOWS\System32\WindowsPowerShell\v1.0;C:\WINDOWS\System32\OpenSSH;E:\Ruby\Ruby34-x64\bin;C:\Program Files\Python311\Scripts;C:\Program Files\Python311;C:\Program Files\Python27;C:\Program Files\Python27\Scripts;C:\Users\WTH\AppData\Local\Microsoft\WindowsApps;D:\Tools\Bandizip;D:\Tools\Microsoft VS Code\bin;D:\Tools\Pycharm\PyCharm Community Edition 2022.3.2\bin;E:\IDEA\IntelliJ IDEA Community Edition 2023.1.3\bin;E:\IDEA\IntelliJ IDEA 2023.1.3\bin;C:\Users\WTH\AppData\Roaming\npm;C:\Users\WTH\AppData\Local\Microsoft\WindowsApps;D:\Tools\Git\usr\bin\vendor_perl;D:\Tools\Git\usr\bin\core_perl;C:\Ruby31-x64\bin;C:\Ruby31-x64\msys64\ucrt64\bin;E:\Ruby\Ruby34-x64\bin;E:\Ruby\Ruby34-x64\msys64\ucrt64\bin;E:\Ruby\Ruby34-x64\bin;E:\Ruby\Ruby34-x64\msys64\ucrt64\bin" ASAN_OPTIONS=detect_leaks=0 "gcc -o conftest.exe -IE:/Ruby/Ruby34-x64/include/ruby-3.4.0/x64-mingw-ucrt -IE:/Ruby/Ruby34-x64/include/ruby-3.4.0/ruby/backward -IE:/Ruby/Ruby34-x64/include/ruby-3.4.0 -I. -D_WIN32_WINNT=0x0600 -D__MINGW_USE_VC2005_COMPAT -D_FILE_OFFSET_BITS=64  -O3 -fstack-protector-strong conftest.c -L. -LE:/Ruby/Ruby34-x64/lib -L. -pipe -s -fstack-protector-strong -lpthread -Wl,--no-as-needed     -lx64-ucrt-ruby340  -lshell32 -lws2_32 -liphlpapi -limagehlp -lshlwapi -lbcrypt  "
checked program was:
/* begin */
 1: #include "ruby.h"
 2: 
 3: #include <winsock2.h>
 4: #include <windows.h>
 5: #include <intrin.h>
 6: 
 7: /*top*/
 8: extern int t(void);
 9: int main(int argc, char **argv)
10: {
11:   if (argc > 1000000) {
12:     int (* volatile tp)(void)=(int (*)(void))&t;
13:     printf("%d", (*tp)());
14:   }
15: 
16:   return !!argv[argc];
17: }
18: int t(void) { void ((*volatile p)()); p = (void ((*)()))_BitScanReverse; return !p; }
/* end */

--------------------

have_func: checking for _BitScanReverse64() in intrin.h... -------------------- yes

PATH=".;E:/Ruby/Ruby34-x64/lib;E:\Ruby\Ruby34-x64\bin;E:\Ruby\Ruby34-x64\msys64\ucrt64\bin;E:\Ruby\Ruby34-x64\msys64\usr\bin;C:\Users\WTH\bin;D:\Tools\Git\mingw64\bin;D:\Tools\Git\usr\local\bin;D:\Tools\Git\usr\bin;D:\Tools\Git\usr\bin;D:\Tools\Git\mingw64\bin;D:\Tools\Git\usr\bin;C:\Users\WTH\bin;C:\Program Files (x86)\VMware\VMware Workstation\bin;C:\Program Files (x86)\Common Files\Oracle\Java\javapath;C:\Windows\system32;C:\Windows;C:\Windows\System32\Wbem;C:\Windows\System32\WindowsPowerShell\v1.0;C:\Windows\System32\OpenSSH;C:\Program Files (x86)\NVIDIA Corporation\PhysX\Common;C:\Program Files\NVIDIA Corporation\NVIDIA NvDLISR;C:\Program Files\Java\jdk1.8.0_361\bin;C:\Program Files\Java\jdk1.8.0_361\jre\bin;C:\Program Files\Python311;C:\Program Files\Python27;E:\AndroidSDK\platform-tools;E:\maven\apache-maven-3.9.3\bin;E:\MySQL\bin;C:\Program Files\Microsoft SQL Server\Client SDK\ODBC\110\Tools\Binn;C:\Program Files (x86)\Microsoft SQL Server\120\Tools\Binn;C:\Program Files\Microsoft SQL Server\120\Tools\Binn;C:\Program Files\Microsoft SQL Server\120\DTS\Binn;C:\Program Files (x86)\Windows Kits\8.1\Windows Performance Toolkit;E:\Graphviz\bin;E:\PythonData\Scripts;E:\PythonData\condabin;E:\Redis;E:\Nodejs;C:\Program Files\dotnet;C:\WINDOWS\system32;C:\WINDOWS;C:\WINDOWS\System32\Wbem;C:\WINDOWS\System32\WindowsPowerShell\v1.0;C:\WINDOWS\System32\OpenSSH;E:\Ruby\Ruby34-x64\bin;C:\Program Files\Python311\Scripts;C:\Program Files\Python311;C:\Program Files\Python27;C:\Program Files\Python27\Scripts;C:\Users\WTH\AppData\Local\Microsoft\WindowsApps;D:\Tools\Bandizip;D:\Tools\Microsoft VS Code\bin;D:\Tools\Pycharm\PyCharm Community Edition 2022.3.2\bin;E:\IDEA\IntelliJ IDEA Community Edition 2023.1.3\bin;E:\IDEA\IntelliJ IDEA 2023.1.3\bin;C:\Users\WTH\AppData\Roaming\npm;C:\Users\WTH\AppData\Local\Microsoft\WindowsApps;D:\Tools\Git\usr\bin\vendor_perl;D:\Tools\Git\usr\bin\core_perl;C:\Ruby31-x64\bin;C:\Ruby31-x64\msys64\ucrt64\bin;E:\Ruby\Ruby34-x64\bin;E:\Ruby\Ruby34-x64\msys64\ucrt64\bin;E:\Ruby\Ruby34-x64\bin;E:\Ruby\Ruby34-x64\msys64\ucrt64\bin" ASAN_OPTIONS=detect_leaks=0 "gcc -o conftest.exe -IE:/Ruby/Ruby34-x64/include/ruby-3.4.0/x64-mingw-ucrt -IE:/Ruby/Ruby34-x64/include/ruby-3.4.0/ruby/backward -IE:/Ruby/Ruby34-x64/include/ruby-3.4.0 -I. -D_WIN32_WINNT=0x0600 -D__MINGW_USE_VC2005_COMPAT -D_FILE_OFFSET_BITS=64  -O3 -fstack-protector-strong conftest.c -L. -LE:/Ruby/Ruby34-x64/lib -L. -pipe -s -fstack-protector-strong -lpthread -Wl,--no-as-needed     -lx64-ucrt-ruby340  -lshell32 -lws2_32 -liphlpapi -limagehlp -lshlwapi -lbcrypt  "
checked program was:
/* begin */
 1: #include "ruby.h"
 2: 
 3: #include <winsock2.h>
 4: #include <windows.h>
 5: #include <intrin.h>
 6: 
 7: /*top*/
 8: extern int t(void);
 9: int main(int argc, char **argv)
10: {
11:   if (argc > 1000000) {
12:     int (* volatile tp)(void)=(int (*)(void))&t;
13:     printf("%d", (*tp)());
14:   }
15: 
16:   return !!argv[argc];
17: }
18: int t(void) { void ((*volatile p)()); p = (void ((*)()))_BitScanReverse64; return !p; }
/* end */

--------------------

have_func: checking for labs() in stdlib.h... -------------------- yes

PATH=".;E:/Ruby/Ruby34-x64/lib;E:\Ruby\Ruby34-x64\bin;E:\Ruby\Ruby34-x64\msys64\ucrt64\bin;E:\Ruby\Ruby34-x64\msys64\usr\bin;C:\Users\WTH\bin;D:\Tools\Git\mingw64\bin;D:\Tools\Git\usr\local\bin;D:\Tools\Git\usr\bin;D:\Tools\Git\usr\bin;D:\Tools\Git\mingw64\bin;D:\Tools\Git\usr\bin;C:\Users\WTH\bin;C:\Program Files (x86)\VMware\VMware Workstation\bin;C:\Program Files (x86)\Common Files\Oracle\Java\javapath;C:\Windows\system32;C:\Windows;C:\Windows\System32\Wbem;C:\Windows\System32\WindowsPowerShell\v1.0;C:\Windows\System32\OpenSSH;C:\Program Files (x86)\NVIDIA Corporation\PhysX\Common;C:\Program Files\NVIDIA Corporation\NVIDIA NvDLISR;C:\Program Files\Java\jdk1.8.0_361\bin;C:\Program Files\Java\jdk1.8.0_361\jre\bin;C:\Program Files\Python311;C:\Program Files\Python27;E:\AndroidSDK\platform-tools;E:\maven\apache-maven-3.9.3\bin;E:\MySQL\bin;C:\Program Files\Microsoft SQL Server\Client SDK\ODBC\110\Tools\Binn;C:\Program Files (x86)\Microsoft SQL Server\120\Tools\Binn;C:\Program Files\Microsoft SQL Server\120\Tools\Binn;C:\Program Files\Microsoft SQL Server\120\DTS\Binn;C:\Program Files (x86)\Windows Kits\8.1\Windows Performance Toolkit;E:\Graphviz\bin;E:\PythonData\Scripts;E:\PythonData\condabin;E:\Redis;E:\Nodejs;C:\Program Files\dotnet;C:\WINDOWS\system32;C:\WINDOWS;C:\WINDOWS\System32\Wbem;C:\WINDOWS\System32\WindowsPowerShell\v1.0;C:\WINDOWS\System32\OpenSSH;E:\Ruby\Ruby34-x64\bin;C:\Program Files\Python311\Scripts;C:\Program Files\Python311;C:\Program Files\Python27;C:\Program Files\Python27\Scripts;C:\Users\WTH\AppData\Local\Microsoft\WindowsApps;D:\Tools\Bandizip;D:\Tools\Microsoft VS Code\bin;D:\Tools\Pycharm\PyCharm Community Edition 2022.3.2\bin;E:\IDEA\IntelliJ IDEA Community Edition 2023.1.3\bin;E:\IDEA\IntelliJ IDEA 2023.1.3\bin;C:\Users\WTH\AppData\Roaming\npm;C:\Users\WTH\AppData\Local\Microsoft\WindowsApps;D:\Tools\Git\usr\bin\vendor_perl;D:\Tools\Git\usr\bin\core_perl;C:\Ruby31-x64\bin;C:\Ruby31-x64\msys64\ucrt64\bin;E:\Ruby\Ruby34-x64\bin;E:\Ruby\Ruby34-x64\msys64\ucrt64\bin;E:\Ruby\Ruby34-x64\bin;E:\Ruby\Ruby34-x64\msys64\ucrt64\bin" ASAN_OPTIONS=detect_leaks=0 "gcc -o conftest.exe -IE:/Ruby/Ruby34-x64/include/ruby-3.4.0/x64-mingw-ucrt -IE:/Ruby/Ruby34-x64/include/ruby-3.4.0/ruby/backward -IE:/Ruby/Ruby34-x64/include/ruby-3.4.0 -I. -D_WIN32_WINNT=0x0600 -D__MINGW_USE_VC2005_COMPAT -D_FILE_OFFSET_BITS=64  -O3 -fstack-protector-strong conftest.c -L. -LE:/Ruby/Ruby34-x64/lib -L. -pipe -s -fstack-protector-strong -lpthread -Wl,--no-as-needed     -lx64-ucrt-ruby340  -lshell32 -lws2_32 -liphlpapi -limagehlp -lshlwapi -lbcrypt  "
checked program was:
/* begin */
 1: #include "ruby.h"
 2: 
 3: #include <winsock2.h>
 4: #include <windows.h>
 5: #include <stdlib.h>
 6: 
 7: /*top*/
 8: extern int t(void);
 9: int main(int argc, char **argv)
10: {
11:   if (argc > 1000000) {
12:     int (* volatile tp)(void)=(int (*)(void))&t;
13:     printf("%d", (*tp)());
14:   }
15: 
16:   return !!argv[argc];
17: }
18: int t(void) { void ((*volatile p)()); p = (void ((*)()))labs; return !p; }
/* end */

--------------------

have_func: checking for llabs() in stdlib.h... -------------------- yes

PATH=".;E:/Ruby/Ruby34-x64/lib;E:\Ruby\Ruby34-x64\bin;E:\Ruby\Ruby34-x64\msys64\ucrt64\bin;E:\Ruby\Ruby34-x64\msys64\usr\bin;C:\Users\WTH\bin;D:\Tools\Git\mingw64\bin;D:\Tools\Git\usr\local\bin;D:\Tools\Git\usr\bin;D:\Tools\Git\usr\bin;D:\Tools\Git\mingw64\bin;D:\Tools\Git\usr\bin;C:\Users\WTH\bin;C:\Program Files (x86)\VMware\VMware Workstation\bin;C:\Program Files (x86)\Common Files\Oracle\Java\javapath;C:\Windows\system32;C:\Windows;C:\Windows\System32\Wbem;C:\Windows\System32\WindowsPowerShell\v1.0;C:\Windows\System32\OpenSSH;C:\Program Files (x86)\NVIDIA Corporation\PhysX\Common;C:\Program Files\NVIDIA Corporation\NVIDIA NvDLISR;C:\Program Files\Java\jdk1.8.0_361\bin;C:\Program Files\Java\jdk1.8.0_361\jre\bin;C:\Program Files\Python311;C:\Program Files\Python27;E:\AndroidSDK\platform-tools;E:\maven\apache-maven-3.9.3\bin;E:\MySQL\bin;C:\Program Files\Microsoft SQL Server\Client SDK\ODBC\110\Tools\Binn;C:\Program Files (x86)\Microsoft SQL Server\120\Tools\Binn;C:\Program Files\Microsoft SQL Server\120\Tools\Binn;C:\Program Files\Microsoft SQL Server\120\DTS\Binn;C:\Program Files (x86)\Windows Kits\8.1\Windows Performance Toolkit;E:\Graphviz\bin;E:\PythonData\Scripts;E:\PythonData\condabin;E:\Redis;E:\Nodejs;C:\Program Files\dotnet;C:\WINDOWS\system32;C:\WINDOWS;C:\WINDOWS\System32\Wbem;C:\WINDOWS\System32\WindowsPowerShell\v1.0;C:\WINDOWS\System32\OpenSSH;E:\Ruby\Ruby34-x64\bin;C:\Program Files\Python311\Scripts;C:\Program Files\Python311;C:\Program Files\Python27;C:\Program Files\Python27\Scripts;C:\Users\WTH\AppData\Local\Microsoft\WindowsApps;D:\Tools\Bandizip;D:\Tools\Microsoft VS Code\bin;D:\Tools\Pycharm\PyCharm Community Edition 2022.3.2\bin;E:\IDEA\IntelliJ IDEA Community Edition 2023.1.3\bin;E:\IDEA\IntelliJ IDEA 2023.1.3\bin;C:\Users\WTH\AppData\Roaming\npm;C:\Users\WTH\AppData\Local\Microsoft\WindowsApps;D:\Tools\Git\usr\bin\vendor_perl;D:\Tools\Git\usr\bin\core_perl;C:\Ruby31-x64\bin;C:\Ruby31-x64\msys64\ucrt64\bin;E:\Ruby\Ruby34-x64\bin;E:\Ruby\Ruby34-x64\msys64\ucrt64\bin;E:\Ruby\Ruby34-x64\bin;E:\Ruby\Ruby34-x64\msys64\ucrt64\bin" ASAN_OPTIONS=detect_leaks=0 "gcc -o conftest.exe -IE:/Ruby/Ruby34-x64/include/ruby-3.4.0/x64-mingw-ucrt -IE:/Ruby/Ruby34-x64/include/ruby-3.4.0/ruby/backward -IE:/Ruby/Ruby34-x64/include/ruby-3.4.0 -I. -D_WIN32_WINNT=0x0600 -D__MINGW_USE_VC2005_COMPAT -D_FILE_OFFSET_BITS=64  -O3 -fstack-protector-strong conftest.c -L. -LE:/Ruby/Ruby34-x64/lib -L. -pipe -s -fstack-protector-strong -lpthread -Wl,--no-as-needed     -lx64-ucrt-ruby340  -lshell32 -lws2_32 -liphlpapi -limagehlp -lshlwapi -lbcrypt  "
checked program was:
/* begin */
 1: #include "ruby.h"
 2: 
 3: #include <winsock2.h>
 4: #include <windows.h>
 5: #include <stdlib.h>
 6: 
 7: /*top*/
 8: extern int t(void);
 9: int main(int argc, char **argv)
10: {
11:   if (argc > 1000000) {
12:     int (* volatile tp)(void)=(int (*)(void))&t;
13:     printf("%d", (*tp)());
14:   }
15: 
16:   return !!argv[argc];
17: }
18: int t(void) { void ((*volatile p)()); p = (void ((*)()))llabs; return !p; }
/* end */

--------------------

have_func: checking for finite() in math.h... -------------------- yes

PATH=".;E:/Ruby/Ruby34-x64/lib;E:\Ruby\Ruby34-x64\bin;E:\Ruby\Ruby34-x64\msys64\ucrt64\bin;E:\Ruby\Ruby34-x64\msys64\usr\bin;C:\Users\WTH\bin;D:\Tools\Git\mingw64\bin;D:\Tools\Git\usr\local\bin;D:\Tools\Git\usr\bin;D:\Tools\Git\usr\bin;D:\Tools\Git\mingw64\bin;D:\Tools\Git\usr\bin;C:\Users\WTH\bin;C:\Program Files (x86)\VMware\VMware Workstation\bin;C:\Program Files (x86)\Common Files\Oracle\Java\javapath;C:\Windows\system32;C:\Windows;C:\Windows\System32\Wbem;C:\Windows\System32\WindowsPowerShell\v1.0;C:\Windows\System32\OpenSSH;C:\Program Files (x86)\NVIDIA Corporation\PhysX\Common;C:\Program Files\NVIDIA Corporation\NVIDIA NvDLISR;C:\Program Files\Java\jdk1.8.0_361\bin;C:\Program Files\Java\jdk1.8.0_361\jre\bin;C:\Program Files\Python311;C:\Program Files\Python27;E:\AndroidSDK\platform-tools;E:\maven\apache-maven-3.9.3\bin;E:\MySQL\bin;C:\Program Files\Microsoft SQL Server\Client SDK\ODBC\110\Tools\Binn;C:\Program Files (x86)\Microsoft SQL Server\120\Tools\Binn;C:\Program Files\Microsoft SQL Server\120\Tools\Binn;C:\Program Files\Microsoft SQL Server\120\DTS\Binn;C:\Program Files (x86)\Windows Kits\8.1\Windows Performance Toolkit;E:\Graphviz\bin;E:\PythonData\Scripts;E:\PythonData\condabin;E:\Redis;E:\Nodejs;C:\Program Files\dotnet;C:\WINDOWS\system32;C:\WINDOWS;C:\WINDOWS\System32\Wbem;C:\WINDOWS\System32\WindowsPowerShell\v1.0;C:\WINDOWS\System32\OpenSSH;E:\Ruby\Ruby34-x64\bin;C:\Program Files\Python311\Scripts;C:\Program Files\Python311;C:\Program Files\Python27;C:\Program Files\Python27\Scripts;C:\Users\WTH\AppData\Local\Microsoft\WindowsApps;D:\Tools\Bandizip;D:\Tools\Microsoft VS Code\bin;D:\Tools\Pycharm\PyCharm Community Edition 2022.3.2\bin;E:\IDEA\IntelliJ IDEA Community Edition 2023.1.3\bin;E:\IDEA\IntelliJ IDEA 2023.1.3\bin;C:\Users\WTH\AppData\Roaming\npm;C:\Users\WTH\AppData\Local\Microsoft\WindowsApps;D:\Tools\Git\usr\bin\vendor_perl;D:\Tools\Git\usr\bin\core_perl;C:\Ruby31-x64\bin;C:\Ruby31-x64\msys64\ucrt64\bin;E:\Ruby\Ruby34-x64\bin;E:\Ruby\Ruby34-x64\msys64\ucrt64\bin;E:\Ruby\Ruby34-x64\bin;E:\Ruby\Ruby34-x64\msys64\ucrt64\bin" ASAN_OPTIONS=detect_leaks=0 "gcc -o conftest.exe -IE:/Ruby/Ruby34-x64/include/ruby-3.4.0/x64-mingw-ucrt -IE:/Ruby/Ruby34-x64/include/ruby-3.4.0/ruby/backward -IE:/Ruby/Ruby34-x64/include/ruby-3.4.0 -I. -D_WIN32_WINNT=0x0600 -D__MINGW_USE_VC2005_COMPAT -D_FILE_OFFSET_BITS=64  -O3 -fstack-protector-strong conftest.c -L. -LE:/Ruby/Ruby34-x64/lib -L. -pipe -s -fstack-protector-strong -lpthread -Wl,--no-as-needed     -lx64-ucrt-ruby340  -lshell32 -lws2_32 -liphlpapi -limagehlp -lshlwapi -lbcrypt  "
checked program was:
/* begin */
 1: #include "ruby.h"
 2: 
 3: #include <winsock2.h>
 4: #include <windows.h>
 5: #include <math.h>
 6: 
 7: /*top*/
 8: extern int t(void);
 9: int main(int argc, char **argv)
10: {
11:   if (argc > 1000000) {
12:     int (* volatile tp)(void)=(int (*)(void))&t;
13:     printf("%d", (*tp)());
14:   }
15: 
16:   return !!argv[argc];
17: }
18: int t(void) { void ((*volatile p)()); p = (void ((*)()))finite; return !p; }
/* end */

--------------------

have_func: checking for isfinite() in math.h... -------------------- no

PATH=".;E:/Ruby/Ruby34-x64/lib;E:\Ruby\Ruby34-x64\bin;E:\Ruby\Ruby34-x64\msys64\ucrt64\bin;E:\Ruby\Ruby34-x64\msys64\usr\bin;C:\Users\WTH\bin;D:\Tools\Git\mingw64\bin;D:\Tools\Git\usr\local\bin;D:\Tools\Git\usr\bin;D:\Tools\Git\usr\bin;D:\Tools\Git\mingw64\bin;D:\Tools\Git\usr\bin;C:\Users\WTH\bin;C:\Program Files (x86)\VMware\VMware Workstation\bin;C:\Program Files (x86)\Common Files\Oracle\Java\javapath;C:\Windows\system32;C:\Windows;C:\Windows\System32\Wbem;C:\Windows\System32\WindowsPowerShell\v1.0;C:\Windows\System32\OpenSSH;C:\Program Files (x86)\NVIDIA Corporation\PhysX\Common;C:\Program Files\NVIDIA Corporation\NVIDIA NvDLISR;C:\Program Files\Java\jdk1.8.0_361\bin;C:\Program Files\Java\jdk1.8.0_361\jre\bin;C:\Program Files\Python311;C:\Program Files\Python27;E:\AndroidSDK\platform-tools;E:\maven\apache-maven-3.9.3\bin;E:\MySQL\bin;C:\Program Files\Microsoft SQL Server\Client SDK\ODBC\110\Tools\Binn;C:\Program Files (x86)\Microsoft SQL Server\120\Tools\Binn;C:\Program Files\Microsoft SQL Server\120\Tools\Binn;C:\Program Files\Microsoft SQL Server\120\DTS\Binn;C:\Program Files (x86)\Windows Kits\8.1\Windows Performance Toolkit;E:\Graphviz\bin;E:\PythonData\Scripts;E:\PythonData\condabin;E:\Redis;E:\Nodejs;C:\Program Files\dotnet;C:\WINDOWS\system32;C:\WINDOWS;C:\WINDOWS\System32\Wbem;C:\WINDOWS\System32\WindowsPowerShell\v1.0;C:\WINDOWS\System32\OpenSSH;E:\Ruby\Ruby34-x64\bin;C:\Program Files\Python311\Scripts;C:\Program Files\Python311;C:\Program Files\Python27;C:\Program Files\Python27\Scripts;C:\Users\WTH\AppData\Local\Microsoft\WindowsApps;D:\Tools\Bandizip;D:\Tools\Microsoft VS Code\bin;D:\Tools\Pycharm\PyCharm Community Edition 2022.3.2\bin;E:\IDEA\IntelliJ IDEA Community Edition 2023.1.3\bin;E:\IDEA\IntelliJ IDEA 2023.1.3\bin;C:\Users\WTH\AppData\Roaming\npm;C:\Users\WTH\AppData\Local\Microsoft\WindowsApps;D:\Tools\Git\usr\bin\vendor_perl;D:\Tools\Git\usr\bin\core_perl;C:\Ruby31-x64\bin;C:\Ruby31-x64\msys64\ucrt64\bin;E:\Ruby\Ruby34-x64\bin;E:\Ruby\Ruby34-x64\msys64\ucrt64\bin;E:\Ruby\Ruby34-x64\bin;E:\Ruby\Ruby34-x64\msys64\ucrt64\bin" ASAN_OPTIONS=detect_leaks=0 "gcc -o conftest.exe -IE:/Ruby/Ruby34-x64/include/ruby-3.4.0/x64-mingw-ucrt -IE:/Ruby/Ruby34-x64/include/ruby-3.4.0/ruby/backward -IE:/Ruby/Ruby34-x64/include/ruby-3.4.0 -I. -D_WIN32_WINNT=0x0600 -D__MINGW_USE_VC2005_COMPAT -D_FILE_OFFSET_BITS=64  -O3 -fstack-protector-strong conftest.c -L. -LE:/Ruby/Ruby34-x64/lib -L. -pipe -s -fstack-protector-strong -lpthread -Wl,--no-as-needed     -lx64-ucrt-ruby340  -lshell32 -lws2_32 -liphlpapi -limagehlp -lshlwapi -lbcrypt  "
conftest.c: In function 't':
conftest.c:18:57: error: 'isfinite' undeclared (first use in this function); did you mean 'finite'?
   18 | int t(void) { void ((*volatile p)()); p = (void ((*)()))isfinite; return !p; }
      |                                                         ^~~~~~~~
      |                                                         finite
conftest.c:18:57: note: each undeclared identifier is reported only once for each function it appears in
checked program was:
/* begin */
 1: #include "ruby.h"
 2: 
 3: #include <winsock2.h>
 4: #include <windows.h>
 5: #include <math.h>
 6: 
 7: /*top*/
 8: extern int t(void);
 9: int main(int argc, char **argv)
10: {
11:   if (argc > 1000000) {
12:     int (* volatile tp)(void)=(int (*)(void))&t;
13:     printf("%d", (*tp)());
14:   }
15: 
16:   return !!argv[argc];
17: }
18: int t(void) { void ((*volatile p)()); p = (void ((*)()))isfinite; return !p; }
/* end */

PATH=".;E:/Ruby/Ruby34-x64/lib;E:\Ruby\Ruby34-x64\bin;E:\Ruby\Ruby34-x64\msys64\ucrt64\bin;E:\Ruby\Ruby34-x64\msys64\usr\bin;C:\Users\WTH\bin;D:\Tools\Git\mingw64\bin;D:\Tools\Git\usr\local\bin;D:\Tools\Git\usr\bin;D:\Tools\Git\usr\bin;D:\Tools\Git\mingw64\bin;D:\Tools\Git\usr\bin;C:\Users\WTH\bin;C:\Program Files (x86)\VMware\VMware Workstation\bin;C:\Program Files (x86)\Common Files\Oracle\Java\javapath;C:\Windows\system32;C:\Windows;C:\Windows\System32\Wbem;C:\Windows\System32\WindowsPowerShell\v1.0;C:\Windows\System32\OpenSSH;C:\Program Files (x86)\NVIDIA Corporation\PhysX\Common;C:\Program Files\NVIDIA Corporation\NVIDIA NvDLISR;C:\Program Files\Java\jdk1.8.0_361\bin;C:\Program Files\Java\jdk1.8.0_361\jre\bin;C:\Program Files\Python311;C:\Program Files\Python27;E:\AndroidSDK\platform-tools;E:\maven\apache-maven-3.9.3\bin;E:\MySQL\bin;C:\Program Files\Microsoft SQL Server\Client SDK\ODBC\110\Tools\Binn;C:\Program Files (x86)\Microsoft SQL Server\120\Tools\Binn;C:\Program Files\Microsoft SQL Server\120\Tools\Binn;C:\Program Files\Microsoft SQL Server\120\DTS\Binn;C:\Program Files (x86)\Windows Kits\8.1\Windows Performance Toolkit;E:\Graphviz\bin;E:\PythonData\Scripts;E:\PythonData\condabin;E:\Redis;E:\Nodejs;C:\Program Files\dotnet;C:\WINDOWS\system32;C:\WINDOWS;C:\WINDOWS\System32\Wbem;C:\WINDOWS\System32\WindowsPowerShell\v1.0;C:\WINDOWS\System32\OpenSSH;E:\Ruby\Ruby34-x64\bin;C:\Program Files\Python311\Scripts;C:\Program Files\Python311;C:\Program Files\Python27;C:\Program Files\Python27\Scripts;C:\Users\WTH\AppData\Local\Microsoft\WindowsApps;D:\Tools\Bandizip;D:\Tools\Microsoft VS Code\bin;D:\Tools\Pycharm\PyCharm Community Edition 2022.3.2\bin;E:\IDEA\IntelliJ IDEA Community Edition 2023.1.3\bin;E:\IDEA\IntelliJ IDEA 2023.1.3\bin;C:\Users\WTH\AppData\Roaming\npm;C:\Users\WTH\AppData\Local\Microsoft\WindowsApps;D:\Tools\Git\usr\bin\vendor_perl;D:\Tools\Git\usr\bin\core_perl;C:\Ruby31-x64\bin;C:\Ruby31-x64\msys64\ucrt64\bin;E:\Ruby\Ruby34-x64\bin;E:\Ruby\Ruby34-x64\msys64\ucrt64\bin;E:\Ruby\Ruby34-x64\bin;E:\Ruby\Ruby34-x64\msys64\ucrt64\bin" ASAN_OPTIONS=detect_leaks=0 "gcc -o conftest.exe -IE:/Ruby/Ruby34-x64/include/ruby-3.4.0/x64-mingw-ucrt -IE:/Ruby/Ruby34-x64/include/ruby-3.4.0/ruby/backward -IE:/Ruby/Ruby34-x64/include/ruby-3.4.0 -I. -D_WIN32_WINNT=0x0600 -D__MINGW_USE_VC2005_COMPAT -D_FILE_OFFSET_BITS=64  -O3 -fstack-protector-strong conftest.c -L. -LE:/Ruby/Ruby34-x64/lib -L. -pipe -s -fstack-protector-strong -lpthread -Wl,--no-as-needed     -lx64-ucrt-ruby340  -lshell32 -lws2_32 -liphlpapi -limagehlp -lshlwapi -lbcrypt  "
In file included from E:/Ruby/Ruby34-x64/include/ruby-3.4.0/ruby/win32.h:65,
                 from E:/Ruby/Ruby34-x64/include/ruby-3.4.0/ruby/internal/dosish.h:38,
                 from E:/Ruby/Ruby34-x64/include/ruby-3.4.0/ruby/defines.h:78,
                 from E:/Ruby/Ruby34-x64/include/ruby-3.4.0/ruby/ruby.h:25,
                 from E:/Ruby/Ruby34-x64/include/ruby-3.4.0/ruby.h:38,
                 from conftest.c:1:
conftest.c:18:13: error: expected identifier or '(' before '__builtin_choose_expr'
   18 | extern void isfinite();
      |             ^~~~~~~~
conftest.c:18:13: error: expected ')' before '==' token
   18 | extern void isfinite();
      |             ^~~~~~~~
conftest.c: In function 't':
conftest.c:19:15: error: expected expression before ')' token
   19 | int t(void) { isfinite(); return 0; }
      |               ^~~~~~~~
conftest.c:19:15: error: too few arguments to function '__fpclassify'; expected 1, have 0
   19 | int t(void) { isfinite(); return 0; }
      |               ^~~~~~~~
E:/Ruby/Ruby34-x64/msys64/ucrt64/include/math.h:425:28: note: declared here
  425 |   __CRT_INLINE int __cdecl __fpclassify (double x) {
      |                            ^~~~~~~~~~~~
conftest.c:19:15: error: too few arguments to function '__fpclassifyf'; expected 1, have 0
   19 | int t(void) { isfinite(); return 0; }
      |               ^~~~~~~~
E:/Ruby/Ruby34-x64/msys64/ucrt64/include/math.h:447:28: note: declared here
  447 |   __CRT_INLINE int __cdecl __fpclassifyf (float x) {
      |                            ^~~~~~~~~~~~~
conftest.c:19:15: error: too few arguments to function '__fpclassifyl'; expected 1, have 0
   19 | int t(void) { isfinite(); return 0; }
      |               ^~~~~~~~
E:/Ruby/Ruby34-x64/msys64/ucrt64/include/math.h:399:28: note: declared here
  399 |   __CRT_INLINE int __cdecl __fpclassifyl (long double x) {
      |                            ^~~~~~~~~~~~~
conftest.c:19:15: error: first argument to '__builtin_choose_expr' not a constant
   19 | int t(void) { isfinite(); return 0; }
      |               ^~~~~~~~
conftest.c:19:15: error: first argument to '__builtin_choose_expr' not a constant
   19 | int t(void) { isfinite(); return 0; }
      |               ^~~~~~~~
conftest.c:19:15: error: first argument to '__builtin_choose_expr' not a constant
   19 | int t(void) { isfinite(); return 0; }
      |               ^~~~~~~~
checked program was:
/* begin */
 1: #include "ruby.h"
 2: 
 3: #include <winsock2.h>
 4: #include <windows.h>
 5: #include <math.h>
 6: 
 7: /*top*/
 8: extern int t(void);
 9: int main(int argc, char **argv)
10: {
11:   if (argc > 1000000) {
12:     int (* volatile tp)(void)=(int (*)(void))&t;
13:     printf("%d", (*tp)());
14:   }
15: 
16:   return !!argv[argc];
17: }
18: extern void isfinite();
19: int t(void) { isfinite(); return 0; }
/* end */

--------------------

have_header: checking for ruby/atomic.h... -------------------- yes

PATH=".;E:/Ruby/Ruby34-x64/lib;E:\Ruby\Ruby34-x64\bin;E:\Ruby\Ruby34-x64\msys64\ucrt64\bin;E:\Ruby\Ruby34-x64\msys64\usr\bin;C:\Users\WTH\bin;D:\Tools\Git\mingw64\bin;D:\Tools\Git\usr\local\bin;D:\Tools\Git\usr\bin;D:\Tools\Git\usr\bin;D:\Tools\Git\mingw64\bin;D:\Tools\Git\usr\bin;C:\Users\WTH\bin;C:\Program Files (x86)\VMware\VMware Workstation\bin;C:\Program Files (x86)\Common Files\Oracle\Java\javapath;C:\Windows\system32;C:\Windows;C:\Windows\System32\Wbem;C:\Windows\System32\WindowsPowerShell\v1.0;C:\Windows\System32\OpenSSH;C:\Program Files (x86)\NVIDIA Corporation\PhysX\Common;C:\Program Files\NVIDIA Corporation\NVIDIA NvDLISR;C:\Program Files\Java\jdk1.8.0_361\bin;C:\Program Files\Java\jdk1.8.0_361\jre\bin;C:\Program Files\Python311;C:\Program Files\Python27;E:\AndroidSDK\platform-tools;E:\maven\apache-maven-3.9.3\bin;E:\MySQL\bin;C:\Program Files\Microsoft SQL Server\Client SDK\ODBC\110\Tools\Binn;C:\Program Files (x86)\Microsoft SQL Server\120\Tools\Binn;C:\Program Files\Microsoft SQL Server\120\Tools\Binn;C:\Program Files\Microsoft SQL Server\120\DTS\Binn;C:\Program Files (x86)\Windows Kits\8.1\Windows Performance Toolkit;E:\Graphviz\bin;E:\PythonData\Scripts;E:\PythonData\condabin;E:\Redis;E:\Nodejs;C:\Program Files\dotnet;C:\WINDOWS\system32;C:\WINDOWS;C:\WINDOWS\System32\Wbem;C:\WINDOWS\System32\WindowsPowerShell\v1.0;C:\WINDOWS\System32\OpenSSH;E:\Ruby\Ruby34-x64\bin;C:\Program Files\Python311\Scripts;C:\Program Files\Python311;C:\Program Files\Python27;C:\Program Files\Python27\Scripts;C:\Users\WTH\AppData\Local\Microsoft\WindowsApps;D:\Tools\Bandizip;D:\Tools\Microsoft VS Code\bin;D:\Tools\Pycharm\PyCharm Community Edition 2022.3.2\bin;E:\IDEA\IntelliJ IDEA Community Edition 2023.1.3\bin;E:\IDEA\IntelliJ IDEA 2023.1.3\bin;C:\Users\WTH\AppData\Roaming\npm;C:\Users\WTH\AppData\Local\Microsoft\WindowsApps;D:\Tools\Git\usr\bin\vendor_perl;D:\Tools\Git\usr\bin\core_perl;C:\Ruby31-x64\bin;C:\Ruby31-x64\msys64\ucrt64\bin;E:\Ruby\Ruby34-x64\bin;E:\Ruby\Ruby34-x64\msys64\ucrt64\bin;E:\Ruby\Ruby34-x64\bin;E:\Ruby\Ruby34-x64\msys64\ucrt64\bin" ASAN_OPTIONS=detect_leaks=0 "gcc -IE:/Ruby/Ruby34-x64/include/ruby-3.4.0/x64-mingw-ucrt -IE:/Ruby/Ruby34-x64/include/ruby-3.4.0/ruby/backward -IE:/Ruby/Ruby34-x64/include/ruby-3.4.0 -I. -D_WIN32_WINNT=0x0600 -D__MINGW_USE_VC2005_COMPAT -D_FILE_OFFSET_BITS=64  -O3 -fstack-protector-strong   -c conftest.c"
checked program was:
/* begin */
1: #include "ruby.h"
2: 
3: #include <winsock2.h>
4: #include <windows.h>
5: #include <ruby/atomic.h>
/* end */

--------------------

have_header: checking for ruby/internal/has/builtin.h... -------------------- yes

PATH=".;E:/Ruby/Ruby34-x64/lib;E:\Ruby\Ruby34-x64\bin;E:\Ruby\Ruby34-x64\msys64\ucrt64\bin;E:\Ruby\Ruby34-x64\msys64\usr\bin;C:\Users\WTH\bin;D:\Tools\Git\mingw64\bin;D:\Tools\Git\usr\local\bin;D:\Tools\Git\usr\bin;D:\Tools\Git\usr\bin;D:\Tools\Git\mingw64\bin;D:\Tools\Git\usr\bin;C:\Users\WTH\bin;C:\Program Files (x86)\VMware\VMware Workstation\bin;C:\Program Files (x86)\Common Files\Oracle\Java\javapath;C:\Windows\system32;C:\Windows;C:\Windows\System32\Wbem;C:\Windows\System32\WindowsPowerShell\v1.0;C:\Windows\System32\OpenSSH;C:\Program Files (x86)\NVIDIA Corporation\PhysX\Common;C:\Program Files\NVIDIA Corporation\NVIDIA NvDLISR;C:\Program Files\Java\jdk1.8.0_361\bin;C:\Program Files\Java\jdk1.8.0_361\jre\bin;C:\Program Files\Python311;C:\Program Files\Python27;E:\AndroidSDK\platform-tools;E:\maven\apache-maven-3.9.3\bin;E:\MySQL\bin;C:\Program Files\Microsoft SQL Server\Client SDK\ODBC\110\Tools\Binn;C:\Program Files (x86)\Microsoft SQL Server\120\Tools\Binn;C:\Program Files\Microsoft SQL Server\120\Tools\Binn;C:\Program Files\Microsoft SQL Server\120\DTS\Binn;C:\Program Files (x86)\Windows Kits\8.1\Windows Performance Toolkit;E:\Graphviz\bin;E:\PythonData\Scripts;E:\PythonData\condabin;E:\Redis;E:\Nodejs;C:\Program Files\dotnet;C:\WINDOWS\system32;C:\WINDOWS;C:\WINDOWS\System32\Wbem;C:\WINDOWS\System32\WindowsPowerShell\v1.0;C:\WINDOWS\System32\OpenSSH;E:\Ruby\Ruby34-x64\bin;C:\Program Files\Python311\Scripts;C:\Program Files\Python311;C:\Program Files\Python27;C:\Program Files\Python27\Scripts;C:\Users\WTH\AppData\Local\Microsoft\WindowsApps;D:\Tools\Bandizip;D:\Tools\Microsoft VS Code\bin;D:\Tools\Pycharm\PyCharm Community Edition 2022.3.2\bin;E:\IDEA\IntelliJ IDEA Community Edition 2023.1.3\bin;E:\IDEA\IntelliJ IDEA 2023.1.3\bin;C:\Users\WTH\AppData\Roaming\npm;C:\Users\WTH\AppData\Local\Microsoft\WindowsApps;D:\Tools\Git\usr\bin\vendor_perl;D:\Tools\Git\usr\bin\core_perl;C:\Ruby31-x64\bin;C:\Ruby31-x64\msys64\ucrt64\bin;E:\Ruby\Ruby34-x64\bin;E:\Ruby\Ruby34-x64\msys64\ucrt64\bin;E:\Ruby\Ruby34-x64\bin;E:\Ruby\Ruby34-x64\msys64\ucrt64\bin" ASAN_OPTIONS=detect_leaks=0 "gcc -IE:/Ruby/Ruby34-x64/include/ruby-3.4.0/x64-mingw-ucrt -IE:/Ruby/Ruby34-x64/include/ruby-3.4.0/ruby/backward -IE:/Ruby/Ruby34-x64/include/ruby-3.4.0 -I. -D_WIN32_WINNT=0x0600 -D__MINGW_USE_VC2005_COMPAT -D_FILE_OFFSET_BITS=64  -O3 -fstack-protector-strong   -c conftest.c"
checked program was:
/* begin */
1: #include "ruby.h"
2: 
3: #include <winsock2.h>
4: #include <windows.h>
5: #include <ruby/internal/has/builtin.h>
/* end */

--------------------

have_header: checking for ruby/internal/static_assert.h... -------------------- yes

PATH=".;E:/Ruby/Ruby34-x64/lib;E:\Ruby\Ruby34-x64\bin;E:\Ruby\Ruby34-x64\msys64\ucrt64\bin;E:\Ruby\Ruby34-x64\msys64\usr\bin;C:\Users\WTH\bin;D:\Tools\Git\mingw64\bin;D:\Tools\Git\usr\local\bin;D:\Tools\Git\usr\bin;D:\Tools\Git\usr\bin;D:\Tools\Git\mingw64\bin;D:\Tools\Git\usr\bin;C:\Users\WTH\bin;C:\Program Files (x86)\VMware\VMware Workstation\bin;C:\Program Files (x86)\Common Files\Oracle\Java\javapath;C:\Windows\system32;C:\Windows;C:\Windows\System32\Wbem;C:\Windows\System32\WindowsPowerShell\v1.0;C:\Windows\System32\OpenSSH;C:\Program Files (x86)\NVIDIA Corporation\PhysX\Common;C:\Program Files\NVIDIA Corporation\NVIDIA NvDLISR;C:\Program Files\Java\jdk1.8.0_361\bin;C:\Program Files\Java\jdk1.8.0_361\jre\bin;C:\Program Files\Python311;C:\Program Files\Python27;E:\AndroidSDK\platform-tools;E:\maven\apache-maven-3.9.3\bin;E:\MySQL\bin;C:\Program Files\Microsoft SQL Server\Client SDK\ODBC\110\Tools\Binn;C:\Program Files (x86)\Microsoft SQL Server\120\Tools\Binn;C:\Program Files\Microsoft SQL Server\120\Tools\Binn;C:\Program Files\Microsoft SQL Server\120\DTS\Binn;C:\Program Files (x86)\Windows Kits\8.1\Windows Performance Toolkit;E:\Graphviz\bin;E:\PythonData\Scripts;E:\PythonData\condabin;E:\Redis;E:\Nodejs;C:\Program Files\dotnet;C:\WINDOWS\system32;C:\WINDOWS;C:\WINDOWS\System32\Wbem;C:\WINDOWS\System32\WindowsPowerShell\v1.0;C:\WINDOWS\System32\OpenSSH;E:\Ruby\Ruby34-x64\bin;C:\Program Files\Python311\Scripts;C:\Program Files\Python311;C:\Program Files\Python27;C:\Program Files\Python27\Scripts;C:\Users\WTH\AppData\Local\Microsoft\WindowsApps;D:\Tools\Bandizip;D:\Tools\Microsoft VS Code\bin;D:\Tools\Pycharm\PyCharm Community Edition 2022.3.2\bin;E:\IDEA\IntelliJ IDEA Community Edition 2023.1.3\bin;E:\IDEA\IntelliJ IDEA 2023.1.3\bin;C:\Users\WTH\AppData\Roaming\npm;C:\Users\WTH\AppData\Local\Microsoft\WindowsApps;D:\Tools\Git\usr\bin\vendor_perl;D:\Tools\Git\usr\bin\core_perl;C:\Ruby31-x64\bin;C:\Ruby31-x64\msys64\ucrt64\bin;E:\Ruby\Ruby34-x64\bin;E:\Ruby\Ruby34-x64\msys64\ucrt64\bin;E:\Ruby\Ruby34-x64\bin;E:\Ruby\Ruby34-x64\msys64\ucrt64\bin" ASAN_OPTIONS=detect_leaks=0 "gcc -IE:/Ruby/Ruby34-x64/include/ruby-3.4.0/x64-mingw-ucrt -IE:/Ruby/Ruby34-x64/include/ruby-3.4.0/ruby/backward -IE:/Ruby/Ruby34-x64/include/ruby-3.4.0 -I. -D_WIN32_WINNT=0x0600 -D__MINGW_USE_VC2005_COMPAT -D_FILE_OFFSET_BITS=64  -O3 -fstack-protector-strong   -c conftest.c"
checked program was:
/* begin */
1: #include "ruby.h"
2: 
3: #include <winsock2.h>
4: #include <windows.h>
5: #include <ruby/internal/static_assert.h>
/* end */

--------------------

have_func: checking for rb_rational_num() in ruby.h... -------------------- yes

PATH=".;E:/Ruby/Ruby34-x64/lib;E:\Ruby\Ruby34-x64\bin;E:\Ruby\Ruby34-x64\msys64\ucrt64\bin;E:\Ruby\Ruby34-x64\msys64\usr\bin;C:\Users\WTH\bin;D:\Tools\Git\mingw64\bin;D:\Tools\Git\usr\local\bin;D:\Tools\Git\usr\bin;D:\Tools\Git\usr\bin;D:\Tools\Git\mingw64\bin;D:\Tools\Git\usr\bin;C:\Users\WTH\bin;C:\Program Files (x86)\VMware\VMware Workstation\bin;C:\Program Files (x86)\Common Files\Oracle\Java\javapath;C:\Windows\system32;C:\Windows;C:\Windows\System32\Wbem;C:\Windows\System32\WindowsPowerShell\v1.0;C:\Windows\System32\OpenSSH;C:\Program Files (x86)\NVIDIA Corporation\PhysX\Common;C:\Program Files\NVIDIA Corporation\NVIDIA NvDLISR;C:\Program Files\Java\jdk1.8.0_361\bin;C:\Program Files\Java\jdk1.8.0_361\jre\bin;C:\Program Files\Python311;C:\Program Files\Python27;E:\AndroidSDK\platform-tools;E:\maven\apache-maven-3.9.3\bin;E:\MySQL\bin;C:\Program Files\Microsoft SQL Server\Client SDK\ODBC\110\Tools\Binn;C:\Program Files (x86)\Microsoft SQL Server\120\Tools\Binn;C:\Program Files\Microsoft SQL Server\120\Tools\Binn;C:\Program Files\Microsoft SQL Server\120\DTS\Binn;C:\Program Files (x86)\Windows Kits\8.1\Windows Performance Toolkit;E:\Graphviz\bin;E:\PythonData\Scripts;E:\PythonData\condabin;E:\Redis;E:\Nodejs;C:\Program Files\dotnet;C:\WINDOWS\system32;C:\WINDOWS;C:\WINDOWS\System32\Wbem;C:\WINDOWS\System32\WindowsPowerShell\v1.0;C:\WINDOWS\System32\OpenSSH;E:\Ruby\Ruby34-x64\bin;C:\Program Files\Python311\Scripts;C:\Program Files\Python311;C:\Program Files\Python27;C:\Program Files\Python27\Scripts;C:\Users\WTH\AppData\Local\Microsoft\WindowsApps;D:\Tools\Bandizip;D:\Tools\Microsoft VS Code\bin;D:\Tools\Pycharm\PyCharm Community Edition 2022.3.2\bin;E:\IDEA\IntelliJ IDEA Community Edition 2023.1.3\bin;E:\IDEA\IntelliJ IDEA 2023.1.3\bin;C:\Users\WTH\AppData\Roaming\npm;C:\Users\WTH\AppData\Local\Microsoft\WindowsApps;D:\Tools\Git\usr\bin\vendor_perl;D:\Tools\Git\usr\bin\core_perl;C:\Ruby31-x64\bin;C:\Ruby31-x64\msys64\ucrt64\bin;E:\Ruby\Ruby34-x64\bin;E:\Ruby\Ruby34-x64\msys64\ucrt64\bin;E:\Ruby\Ruby34-x64\bin;E:\Ruby\Ruby34-x64\msys64\ucrt64\bin" ASAN_OPTIONS=detect_leaks=0 "gcc -o conftest.exe -IE:/Ruby/Ruby34-x64/include/ruby-3.4.0/x64-mingw-ucrt -IE:/Ruby/Ruby34-x64/include/ruby-3.4.0/ruby/backward -IE:/Ruby/Ruby34-x64/include/ruby-3.4.0 -I. -D_WIN32_WINNT=0x0600 -D__MINGW_USE_VC2005_COMPAT -D_FILE_OFFSET_BITS=64  -O3 -fstack-protector-strong conftest.c -L. -LE:/Ruby/Ruby34-x64/lib -L. -pipe -s -fstack-protector-strong -lpthread -Wl,--no-as-needed     -lx64-ucrt-ruby340  -lshell32 -lws2_32 -liphlpapi -limagehlp -lshlwapi -lbcrypt  "
checked program was:
/* begin */
 1: #include "ruby.h"
 2: 
 3: #include <winsock2.h>
 4: #include <windows.h>
 5: #include <ruby.h>
 6: 
 7: /*top*/
 8: extern int t(void);
 9: int main(int argc, char **argv)
10: {
11:   if (argc > 1000000) {
12:     int (* volatile tp)(void)=(int (*)(void))&t;
13:     printf("%d", (*tp)());
14:   }
15: 
16:   return !!argv[argc];
17: }
18: int t(void) { void ((*volatile p)()); p = (void ((*)()))rb_rational_num; return !p; }
/* end */

--------------------

have_func: checking for rb_rational_den() in ruby.h... -------------------- yes

PATH=".;E:/Ruby/Ruby34-x64/lib;E:\Ruby\Ruby34-x64\bin;E:\Ruby\Ruby34-x64\msys64\ucrt64\bin;E:\Ruby\Ruby34-x64\msys64\usr\bin;C:\Users\WTH\bin;D:\Tools\Git\mingw64\bin;D:\Tools\Git\usr\local\bin;D:\Tools\Git\usr\bin;D:\Tools\Git\usr\bin;D:\Tools\Git\mingw64\bin;D:\Tools\Git\usr\bin;C:\Users\WTH\bin;C:\Program Files (x86)\VMware\VMware Workstation\bin;C:\Program Files (x86)\Common Files\Oracle\Java\javapath;C:\Windows\system32;C:\Windows;C:\Windows\System32\Wbem;C:\Windows\System32\WindowsPowerShell\v1.0;C:\Windows\System32\OpenSSH;C:\Program Files (x86)\NVIDIA Corporation\PhysX\Common;C:\Program Files\NVIDIA Corporation\NVIDIA NvDLISR;C:\Program Files\Java\jdk1.8.0_361\bin;C:\Program Files\Java\jdk1.8.0_361\jre\bin;C:\Program Files\Python311;C:\Program Files\Python27;E:\AndroidSDK\platform-tools;E:\maven\apache-maven-3.9.3\bin;E:\MySQL\bin;C:\Program Files\Microsoft SQL Server\Client SDK\ODBC\110\Tools\Binn;C:\Program Files (x86)\Microsoft SQL Server\120\Tools\Binn;C:\Program Files\Microsoft SQL Server\120\Tools\Binn;C:\Program Files\Microsoft SQL Server\120\DTS\Binn;C:\Program Files (x86)\Windows Kits\8.1\Windows Performance Toolkit;E:\Graphviz\bin;E:\PythonData\Scripts;E:\PythonData\condabin;E:\Redis;E:\Nodejs;C:\Program Files\dotnet;C:\WINDOWS\system32;C:\WINDOWS;C:\WINDOWS\System32\Wbem;C:\WINDOWS\System32\WindowsPowerShell\v1.0;C:\WINDOWS\System32\OpenSSH;E:\Ruby\Ruby34-x64\bin;C:\Program Files\Python311\Scripts;C:\Program Files\Python311;C:\Program Files\Python27;C:\Program Files\Python27\Scripts;C:\Users\WTH\AppData\Local\Microsoft\WindowsApps;D:\Tools\Bandizip;D:\Tools\Microsoft VS Code\bin;D:\Tools\Pycharm\PyCharm Community Edition 2022.3.2\bin;E:\IDEA\IntelliJ IDEA Community Edition 2023.1.3\bin;E:\IDEA\IntelliJ IDEA 2023.1.3\bin;C:\Users\WTH\AppData\Roaming\npm;C:\Users\WTH\AppData\Local\Microsoft\WindowsApps;D:\Tools\Git\usr\bin\vendor_perl;D:\Tools\Git\usr\bin\core_perl;C:\Ruby31-x64\bin;C:\Ruby31-x64\msys64\ucrt64\bin;E:\Ruby\Ruby34-x64\bin;E:\Ruby\Ruby34-x64\msys64\ucrt64\bin;E:\Ruby\Ruby34-x64\bin;E:\Ruby\Ruby34-x64\msys64\ucrt64\bin" ASAN_OPTIONS=detect_leaks=0 "gcc -o conftest.exe -IE:/Ruby/Ruby34-x64/include/ruby-3.4.0/x64-mingw-ucrt -IE:/Ruby/Ruby34-x64/include/ruby-3.4.0/ruby/backward -IE:/Ruby/Ruby34-x64/include/ruby-3.4.0 -I. -D_WIN32_WINNT=0x0600 -D__MINGW_USE_VC2005_COMPAT -D_FILE_OFFSET_BITS=64  -O3 -fstack-protector-strong conftest.c -L. -LE:/Ruby/Ruby34-x64/lib -L. -pipe -s -fstack-protector-strong -lpthread -Wl,--no-as-needed     -lx64-ucrt-ruby340  -lshell32 -lws2_32 -liphlpapi -limagehlp -lshlwapi -lbcrypt  "
checked program was:
/* begin */
 1: #include "ruby.h"
 2: 
 3: #include <winsock2.h>
 4: #include <windows.h>
 5: #include <ruby.h>
 6: 
 7: /*top*/
 8: extern int t(void);
 9: int main(int argc, char **argv)
10: {
11:   if (argc > 1000000) {
12:     int (* volatile tp)(void)=(int (*)(void))&t;
13:     printf("%d", (*tp)());
14:   }
15: 
16:   return !!argv[argc];
17: }
18: int t(void) { void ((*volatile p)()); p = (void ((*)()))rb_rational_den; return !p; }
/* end */

--------------------

have_func: checking for rb_complex_real() in ruby.h... -------------------- yes

PATH=".;E:/Ruby/Ruby34-x64/lib;E:\Ruby\Ruby34-x64\bin;E:\Ruby\Ruby34-x64\msys64\ucrt64\bin;E:\Ruby\Ruby34-x64\msys64\usr\bin;C:\Users\WTH\bin;D:\Tools\Git\mingw64\bin;D:\Tools\Git\usr\local\bin;D:\Tools\Git\usr\bin;D:\Tools\Git\usr\bin;D:\Tools\Git\mingw64\bin;D:\Tools\Git\usr\bin;C:\Users\WTH\bin;C:\Program Files (x86)\VMware\VMware Workstation\bin;C:\Program Files (x86)\Common Files\Oracle\Java\javapath;C:\Windows\system32;C:\Windows;C:\Windows\System32\Wbem;C:\Windows\System32\WindowsPowerShell\v1.0;C:\Windows\System32\OpenSSH;C:\Program Files (x86)\NVIDIA Corporation\PhysX\Common;C:\Program Files\NVIDIA Corporation\NVIDIA NvDLISR;C:\Program Files\Java\jdk1.8.0_361\bin;C:\Program Files\Java\jdk1.8.0_361\jre\bin;C:\Program Files\Python311;C:\Program Files\Python27;E:\AndroidSDK\platform-tools;E:\maven\apache-maven-3.9.3\bin;E:\MySQL\bin;C:\Program Files\Microsoft SQL Server\Client SDK\ODBC\110\Tools\Binn;C:\Program Files (x86)\Microsoft SQL Server\120\Tools\Binn;C:\Program Files\Microsoft SQL Server\120\Tools\Binn;C:\Program Files\Microsoft SQL Server\120\DTS\Binn;C:\Program Files (x86)\Windows Kits\8.1\Windows Performance Toolkit;E:\Graphviz\bin;E:\PythonData\Scripts;E:\PythonData\condabin;E:\Redis;E:\Nodejs;C:\Program Files\dotnet;C:\WINDOWS\system32;C:\WINDOWS;C:\WINDOWS\System32\Wbem;C:\WINDOWS\System32\WindowsPowerShell\v1.0;C:\WINDOWS\System32\OpenSSH;E:\Ruby\Ruby34-x64\bin;C:\Program Files\Python311\Scripts;C:\Program Files\Python311;C:\Program Files\Python27;C:\Program Files\Python27\Scripts;C:\Users\WTH\AppData\Local\Microsoft\WindowsApps;D:\Tools\Bandizip;D:\Tools\Microsoft VS Code\bin;D:\Tools\Pycharm\PyCharm Community Edition 2022.3.2\bin;E:\IDEA\IntelliJ IDEA Community Edition 2023.1.3\bin;E:\IDEA\IntelliJ IDEA 2023.1.3\bin;C:\Users\WTH\AppData\Roaming\npm;C:\Users\WTH\AppData\Local\Microsoft\WindowsApps;D:\Tools\Git\usr\bin\vendor_perl;D:\Tools\Git\usr\bin\core_perl;C:\Ruby31-x64\bin;C:\Ruby31-x64\msys64\ucrt64\bin;E:\Ruby\Ruby34-x64\bin;E:\Ruby\Ruby34-x64\msys64\ucrt64\bin;E:\Ruby\Ruby34-x64\bin;E:\Ruby\Ruby34-x64\msys64\ucrt64\bin" ASAN_OPTIONS=detect_leaks=0 "gcc -o conftest.exe -IE:/Ruby/Ruby34-x64/include/ruby-3.4.0/x64-mingw-ucrt -IE:/Ruby/Ruby34-x64/include/ruby-3.4.0/ruby/backward -IE:/Ruby/Ruby34-x64/include/ruby-3.4.0 -I. -D_WIN32_WINNT=0x0600 -D__MINGW_USE_VC2005_COMPAT -D_FILE_OFFSET_BITS=64  -O3 -fstack-protector-strong conftest.c -L. -LE:/Ruby/Ruby34-x64/lib -L. -pipe -s -fstack-protector-strong -lpthread -Wl,--no-as-needed     -lx64-ucrt-ruby340  -lshell32 -lws2_32 -liphlpapi -limagehlp -lshlwapi -lbcrypt  "
checked program was:
/* begin */
 1: #include "ruby.h"
 2: 
 3: #include <winsock2.h>
 4: #include <windows.h>
 5: #include <ruby.h>
 6: 
 7: /*top*/
 8: extern int t(void);
 9: int main(int argc, char **argv)
10: {
11:   if (argc > 1000000) {
12:     int (* volatile tp)(void)=(int (*)(void))&t;
13:     printf("%d", (*tp)());
14:   }
15: 
16:   return !!argv[argc];
17: }
18: int t(void) { void ((*volatile p)()); p = (void ((*)()))rb_complex_real; return !p; }
/* end */

--------------------

have_func: checking for rb_complex_imag() in ruby.h... -------------------- yes

PATH=".;E:/Ruby/Ruby34-x64/lib;E:\Ruby\Ruby34-x64\bin;E:\Ruby\Ruby34-x64\msys64\ucrt64\bin;E:\Ruby\Ruby34-x64\msys64\usr\bin;C:\Users\WTH\bin;D:\Tools\Git\mingw64\bin;D:\Tools\Git\usr\local\bin;D:\Tools\Git\usr\bin;D:\Tools\Git\usr\bin;D:\Tools\Git\mingw64\bin;D:\Tools\Git\usr\bin;C:\Users\WTH\bin;C:\Program Files (x86)\VMware\VMware Workstation\bin;C:\Program Files (x86)\Common Files\Oracle\Java\javapath;C:\Windows\system32;C:\Windows;C:\Windows\System32\Wbem;C:\Windows\System32\WindowsPowerShell\v1.0;C:\Windows\System32\OpenSSH;C:\Program Files (x86)\NVIDIA Corporation\PhysX\Common;C:\Program Files\NVIDIA Corporation\NVIDIA NvDLISR;C:\Program Files\Java\jdk1.8.0_361\bin;C:\Program Files\Java\jdk1.8.0_361\jre\bin;C:\Program Files\Python311;C:\Program Files\Python27;E:\AndroidSDK\platform-tools;E:\maven\apache-maven-3.9.3\bin;E:\MySQL\bin;C:\Program Files\Microsoft SQL Server\Client SDK\ODBC\110\Tools\Binn;C:\Program Files (x86)\Microsoft SQL Server\120\Tools\Binn;C:\Program Files\Microsoft SQL Server\120\Tools\Binn;C:\Program Files\Microsoft SQL Server\120\DTS\Binn;C:\Program Files (x86)\Windows Kits\8.1\Windows Performance Toolkit;E:\Graphviz\bin;E:\PythonData\Scripts;E:\PythonData\condabin;E:\Redis;E:\Nodejs;C:\Program Files\dotnet;C:\WINDOWS\system32;C:\WINDOWS;C:\WINDOWS\System32\Wbem;C:\WINDOWS\System32\WindowsPowerShell\v1.0;C:\WINDOWS\System32\OpenSSH;E:\Ruby\Ruby34-x64\bin;C:\Program Files\Python311\Scripts;C:\Program Files\Python311;C:\Program Files\Python27;C:\Program Files\Python27\Scripts;C:\Users\WTH\AppData\Local\Microsoft\WindowsApps;D:\Tools\Bandizip;D:\Tools\Microsoft VS Code\bin;D:\Tools\Pycharm\PyCharm Community Edition 2022.3.2\bin;E:\IDEA\IntelliJ IDEA Community Edition 2023.1.3\bin;E:\IDEA\IntelliJ IDEA 2023.1.3\bin;C:\Users\WTH\AppData\Roaming\npm;C:\Users\WTH\AppData\Local\Microsoft\WindowsApps;D:\Tools\Git\usr\bin\vendor_perl;D:\Tools\Git\usr\bin\core_perl;C:\Ruby31-x64\bin;C:\Ruby31-x64\msys64\ucrt64\bin;E:\Ruby\Ruby34-x64\bin;E:\Ruby\Ruby34-x64\msys64\ucrt64\bin;E:\Ruby\Ruby34-x64\bin;E:\Ruby\Ruby34-x64\msys64\ucrt64\bin" ASAN_OPTIONS=detect_leaks=0 "gcc -o conftest.exe -IE:/Ruby/Ruby34-x64/include/ruby-3.4.0/x64-mingw-ucrt -IE:/Ruby/Ruby34-x64/include/ruby-3.4.0/ruby/backward -IE:/Ruby/Ruby34-x64/include/ruby-3.4.0 -I. -D_WIN32_WINNT=0x0600 -D__MINGW_USE_VC2005_COMPAT -D_FILE_OFFSET_BITS=64  -O3 -fstack-protector-strong conftest.c -L. -LE:/Ruby/Ruby34-x64/lib -L. -pipe -s -fstack-protector-strong -lpthread -Wl,--no-as-needed     -lx64-ucrt-ruby340  -lshell32 -lws2_32 -liphlpapi -limagehlp -lshlwapi -lbcrypt  "
checked program was:
/* begin */
 1: #include "ruby.h"
 2: 
 3: #include <winsock2.h>
 4: #include <windows.h>
 5: #include <ruby.h>
 6: 
 7: /*top*/
 8: extern int t(void);
 9: int main(int argc, char **argv)
10: {
11:   if (argc > 1000000) {
12:     int (* volatile tp)(void)=(int (*)(void))&t;
13:     printf("%d", (*tp)());
14:   }
15: 
16:   return !!argv[argc];
17: }
18: int t(void) { void ((*volatile p)()); p = (void ((*)()))rb_complex_imag; return !p; }
/* end */

--------------------

have_func: checking for rb_opts_exception_p() in ruby.h... -------------------- yes

PATH=".;E:/Ruby/Ruby34-x64/lib;E:\Ruby\Ruby34-x64\bin;E:\Ruby\Ruby34-x64\msys64\ucrt64\bin;E:\Ruby\Ruby34-x64\msys64\usr\bin;C:\Users\WTH\bin;D:\Tools\Git\mingw64\bin;D:\Tools\Git\usr\local\bin;D:\Tools\Git\usr\bin;D:\Tools\Git\usr\bin;D:\Tools\Git\mingw64\bin;D:\Tools\Git\usr\bin;C:\Users\WTH\bin;C:\Program Files (x86)\VMware\VMware Workstation\bin;C:\Program Files (x86)\Common Files\Oracle\Java\javapath;C:\Windows\system32;C:\Windows;C:\Windows\System32\Wbem;C:\Windows\System32\WindowsPowerShell\v1.0;C:\Windows\System32\OpenSSH;C:\Program Files (x86)\NVIDIA Corporation\PhysX\Common;C:\Program Files\NVIDIA Corporation\NVIDIA NvDLISR;C:\Program Files\Java\jdk1.8.0_361\bin;C:\Program Files\Java\jdk1.8.0_361\jre\bin;C:\Program Files\Python311;C:\Program Files\Python27;E:\AndroidSDK\platform-tools;E:\maven\apache-maven-3.9.3\bin;E:\MySQL\bin;C:\Program Files\Microsoft SQL Server\Client SDK\ODBC\110\Tools\Binn;C:\Program Files (x86)\Microsoft SQL Server\120\Tools\Binn;C:\Program Files\Microsoft SQL Server\120\Tools\Binn;C:\Program Files\Microsoft SQL Server\120\DTS\Binn;C:\Program Files (x86)\Windows Kits\8.1\Windows Performance Toolkit;E:\Graphviz\bin;E:\PythonData\Scripts;E:\PythonData\condabin;E:\Redis;E:\Nodejs;C:\Program Files\dotnet;C:\WINDOWS\system32;C:\WINDOWS;C:\WINDOWS\System32\Wbem;C:\WINDOWS\System32\WindowsPowerShell\v1.0;C:\WINDOWS\System32\OpenSSH;E:\Ruby\Ruby34-x64\bin;C:\Program Files\Python311\Scripts;C:\Program Files\Python311;C:\Program Files\Python27;C:\Program Files\Python27\Scripts;C:\Users\WTH\AppData\Local\Microsoft\WindowsApps;D:\Tools\Bandizip;D:\Tools\Microsoft VS Code\bin;D:\Tools\Pycharm\PyCharm Community Edition 2022.3.2\bin;E:\IDEA\IntelliJ IDEA Community Edition 2023.1.3\bin;E:\IDEA\IntelliJ IDEA 2023.1.3\bin;C:\Users\WTH\AppData\Roaming\npm;C:\Users\WTH\AppData\Local\Microsoft\WindowsApps;D:\Tools\Git\usr\bin\vendor_perl;D:\Tools\Git\usr\bin\core_perl;C:\Ruby31-x64\bin;C:\Ruby31-x64\msys64\ucrt64\bin;E:\Ruby\Ruby34-x64\bin;E:\Ruby\Ruby34-x64\msys64\ucrt64\bin;E:\Ruby\Ruby34-x64\bin;E:\Ruby\Ruby34-x64\msys64\ucrt64\bin" ASAN_OPTIONS=detect_leaks=0 "gcc -o conftest.exe -IE:/Ruby/Ruby34-x64/include/ruby-3.4.0/x64-mingw-ucrt -IE:/Ruby/Ruby34-x64/include/ruby-3.4.0/ruby/backward -IE:/Ruby/Ruby34-x64/include/ruby-3.4.0 -I. -D_WIN32_WINNT=0x0600 -D__MINGW_USE_VC2005_COMPAT -D_FILE_OFFSET_BITS=64  -O3 -fstack-protector-strong conftest.c -L. -LE:/Ruby/Ruby34-x64/lib -L. -pipe -s -fstack-protector-strong -lpthread -Wl,--no-as-needed     -lx64-ucrt-ruby340  -lshell32 -lws2_32 -liphlpapi -limagehlp -lshlwapi -lbcrypt  "
conftest.c: In function 't':
conftest.c:18:57: error: 'rb_opts_exception_p' undeclared (first use in this function); did you mean 'rb_make_exception'?
   18 | int t(void) { void ((*volatile p)()); p = (void ((*)()))rb_opts_exception_p; return !p; }
      |                                                         ^~~~~~~~~~~~~~~~~~~
      |                                                         rb_make_exception
conftest.c:18:57: note: each undeclared identifier is reported only once for each function it appears in
checked program was:
/* begin */
 1: #include "ruby.h"
 2: 
 3: #include <winsock2.h>
 4: #include <windows.h>
 5: #include <ruby.h>
 6: 
 7: /*top*/
 8: extern int t(void);
 9: int main(int argc, char **argv)
10: {
11:   if (argc > 1000000) {
12:     int (* volatile tp)(void)=(int (*)(void))&t;
13:     printf("%d", (*tp)());
14:   }
15: 
16:   return !!argv[argc];
17: }
18: int t(void) { void ((*volatile p)()); p = (void ((*)()))rb_opts_exception_p; return !p; }
/* end */

PATH=".;E:/Ruby/Ruby34-x64/lib;E:\Ruby\Ruby34-x64\bin;E:\Ruby\Ruby34-x64\msys64\ucrt64\bin;E:\Ruby\Ruby34-x64\msys64\usr\bin;C:\Users\WTH\bin;D:\Tools\Git\mingw64\bin;D:\Tools\Git\usr\local\bin;D:\Tools\Git\usr\bin;D:\Tools\Git\usr\bin;D:\Tools\Git\mingw64\bin;D:\Tools\Git\usr\bin;C:\Users\WTH\bin;C:\Program Files (x86)\VMware\VMware Workstation\bin;C:\Program Files (x86)\Common Files\Oracle\Java\javapath;C:\Windows\system32;C:\Windows;C:\Windows\System32\Wbem;C:\Windows\System32\WindowsPowerShell\v1.0;C:\Windows\System32\OpenSSH;C:\Program Files (x86)\NVIDIA Corporation\PhysX\Common;C:\Program Files\NVIDIA Corporation\NVIDIA NvDLISR;C:\Program Files\Java\jdk1.8.0_361\bin;C:\Program Files\Java\jdk1.8.0_361\jre\bin;C:\Program Files\Python311;C:\Program Files\Python27;E:\AndroidSDK\platform-tools;E:\maven\apache-maven-3.9.3\bin;E:\MySQL\bin;C:\Program Files\Microsoft SQL Server\Client SDK\ODBC\110\Tools\Binn;C:\Program Files (x86)\Microsoft SQL Server\120\Tools\Binn;C:\Program Files\Microsoft SQL Server\120\Tools\Binn;C:\Program Files\Microsoft SQL Server\120\DTS\Binn;C:\Program Files (x86)\Windows Kits\8.1\Windows Performance Toolkit;E:\Graphviz\bin;E:\PythonData\Scripts;E:\PythonData\condabin;E:\Redis;E:\Nodejs;C:\Program Files\dotnet;C:\WINDOWS\system32;C:\WINDOWS;C:\WINDOWS\System32\Wbem;C:\WINDOWS\System32\WindowsPowerShell\v1.0;C:\WINDOWS\System32\OpenSSH;E:\Ruby\Ruby34-x64\bin;C:\Program Files\Python311\Scripts;C:\Program Files\Python311;C:\Program Files\Python27;C:\Program Files\Python27\Scripts;C:\Users\WTH\AppData\Local\Microsoft\WindowsApps;D:\Tools\Bandizip;D:\Tools\Microsoft VS Code\bin;D:\Tools\Pycharm\PyCharm Community Edition 2022.3.2\bin;E:\IDEA\IntelliJ IDEA Community Edition 2023.1.3\bin;E:\IDEA\IntelliJ IDEA 2023.1.3\bin;C:\Users\WTH\AppData\Roaming\npm;C:\Users\WTH\AppData\Local\Microsoft\WindowsApps;D:\Tools\Git\usr\bin\vendor_perl;D:\Tools\Git\usr\bin\core_perl;C:\Ruby31-x64\bin;C:\Ruby31-x64\msys64\ucrt64\bin;E:\Ruby\Ruby34-x64\bin;E:\Ruby\Ruby34-x64\msys64\ucrt64\bin;E:\Ruby\Ruby34-x64\bin;E:\Ruby\Ruby34-x64\msys64\ucrt64\bin" ASAN_OPTIONS=detect_leaks=0 "gcc -o conftest.exe -IE:/Ruby/Ruby34-x64/include/ruby-3.4.0/x64-mingw-ucrt -IE:/Ruby/Ruby34-x64/include/ruby-3.4.0/ruby/backward -IE:/Ruby/Ruby34-x64/include/ruby-3.4.0 -I. -D_WIN32_WINNT=0x0600 -D__MINGW_USE_VC2005_COMPAT -D_FILE_OFFSET_BITS=64  -O3 -fstack-protector-strong conftest.c -L. -LE:/Ruby/Ruby34-x64/lib -L. -pipe -s -fstack-protector-strong -lpthread -Wl,--no-as-needed     -lx64-ucrt-ruby340  -lshell32 -lws2_32 -liphlpapi -limagehlp -lshlwapi -lbcrypt  "
checked program was:
/* begin */
 1: #include "ruby.h"
 2: 
 3: #include <winsock2.h>
 4: #include <windows.h>
 5: #include <ruby.h>
 6: 
 7: /*top*/
 8: extern int t(void);
 9: int main(int argc, char **argv)
10: {
11:   if (argc > 1000000) {
12:     int (* volatile tp)(void)=(int (*)(void))&t;
13:     printf("%d", (*tp)());
14:   }
15: 
16:   return !!argv[argc];
17: }
18: extern void rb_opts_exception_p();
19: int t(void) { rb_opts_exception_p(); return 0; }
/* end */

--------------------

have_func: checking for rb_category_warn() in ruby.h... -------------------- yes

PATH=".;E:/Ruby/Ruby34-x64/lib;E:\Ruby\Ruby34-x64\bin;E:\Ruby\Ruby34-x64\msys64\ucrt64\bin;E:\Ruby\Ruby34-x64\msys64\usr\bin;C:\Users\WTH\bin;D:\Tools\Git\mingw64\bin;D:\Tools\Git\usr\local\bin;D:\Tools\Git\usr\bin;D:\Tools\Git\usr\bin;D:\Tools\Git\mingw64\bin;D:\Tools\Git\usr\bin;C:\Users\WTH\bin;C:\Program Files (x86)\VMware\VMware Workstation\bin;C:\Program Files (x86)\Common Files\Oracle\Java\javapath;C:\Windows\system32;C:\Windows;C:\Windows\System32\Wbem;C:\Windows\System32\WindowsPowerShell\v1.0;C:\Windows\System32\OpenSSH;C:\Program Files (x86)\NVIDIA Corporation\PhysX\Common;C:\Program Files\NVIDIA Corporation\NVIDIA NvDLISR;C:\Program Files\Java\jdk1.8.0_361\bin;C:\Program Files\Java\jdk1.8.0_361\jre\bin;C:\Program Files\Python311;C:\Program Files\Python27;E:\AndroidSDK\platform-tools;E:\maven\apache-maven-3.9.3\bin;E:\MySQL\bin;C:\Program Files\Microsoft SQL Server\Client SDK\ODBC\110\Tools\Binn;C:\Program Files (x86)\Microsoft SQL Server\120\Tools\Binn;C:\Program Files\Microsoft SQL Server\120\Tools\Binn;C:\Program Files\Microsoft SQL Server\120\DTS\Binn;C:\Program Files (x86)\Windows Kits\8.1\Windows Performance Toolkit;E:\Graphviz\bin;E:\PythonData\Scripts;E:\PythonData\condabin;E:\Redis;E:\Nodejs;C:\Program Files\dotnet;C:\WINDOWS\system32;C:\WINDOWS;C:\WINDOWS\System32\Wbem;C:\WINDOWS\System32\WindowsPowerShell\v1.0;C:\WINDOWS\System32\OpenSSH;E:\Ruby\Ruby34-x64\bin;C:\Program Files\Python311\Scripts;C:\Program Files\Python311;C:\Program Files\Python27;C:\Program Files\Python27\Scripts;C:\Users\WTH\AppData\Local\Microsoft\WindowsApps;D:\Tools\Bandizip;D:\Tools\Microsoft VS Code\bin;D:\Tools\Pycharm\PyCharm Community Edition 2022.3.2\bin;E:\IDEA\IntelliJ IDEA Community Edition 2023.1.3\bin;E:\IDEA\IntelliJ IDEA 2023.1.3\bin;C:\Users\WTH\AppData\Roaming\npm;C:\Users\WTH\AppData\Local\Microsoft\WindowsApps;D:\Tools\Git\usr\bin\vendor_perl;D:\Tools\Git\usr\bin\core_perl;C:\Ruby31-x64\bin;C:\Ruby31-x64\msys64\ucrt64\bin;E:\Ruby\Ruby34-x64\bin;E:\Ruby\Ruby34-x64\msys64\ucrt64\bin;E:\Ruby\Ruby34-x64\bin;E:\Ruby\Ruby34-x64\msys64\ucrt64\bin" ASAN_OPTIONS=detect_leaks=0 "gcc -o conftest.exe -IE:/Ruby/Ruby34-x64/include/ruby-3.4.0/x64-mingw-ucrt -IE:/Ruby/Ruby34-x64/include/ruby-3.4.0/ruby/backward -IE:/Ruby/Ruby34-x64/include/ruby-3.4.0 -I. -D_WIN32_WINNT=0x0600 -D__MINGW_USE_VC2005_COMPAT -D_FILE_OFFSET_BITS=64  -O3 -fstack-protector-strong conftest.c -L. -LE:/Ruby/Ruby34-x64/lib -L. -pipe -s -fstack-protector-strong -lpthread -Wl,--no-as-needed     -lx64-ucrt-ruby340  -lshell32 -lws2_32 -liphlpapi -limagehlp -lshlwapi -lbcrypt  "
checked program was:
/* begin */
 1: #include "ruby.h"
 2: 
 3: #include <winsock2.h>
 4: #include <windows.h>
 5: #include <ruby.h>
 6: 
 7: /*top*/
 8: extern int t(void);
 9: int main(int argc, char **argv)
10: {
11:   if (argc > 1000000) {
12:     int (* volatile tp)(void)=(int (*)(void))&t;
13:     printf("%d", (*tp)());
14:   }
15: 
16:   return !!argv[argc];
17: }
18: int t(void) { void ((*volatile p)()); p = (void ((*)()))rb_category_warn; return !p; }
/* end */

--------------------

have_const: checking for RB_WARN_CATEGORY_DEPRECATED in ruby.h... -------------------- yes

PATH=".;E:/Ruby/Ruby34-x64/lib;E:\Ruby\Ruby34-x64\bin;E:\Ruby\Ruby34-x64\msys64\ucrt64\bin;E:\Ruby\Ruby34-x64\msys64\usr\bin;C:\Users\WTH\bin;D:\Tools\Git\mingw64\bin;D:\Tools\Git\usr\local\bin;D:\Tools\Git\usr\bin;D:\Tools\Git\usr\bin;D:\Tools\Git\mingw64\bin;D:\Tools\Git\usr\bin;C:\Users\WTH\bin;C:\Program Files (x86)\VMware\VMware Workstation\bin;C:\Program Files (x86)\Common Files\Oracle\Java\javapath;C:\Windows\system32;C:\Windows;C:\Windows\System32\Wbem;C:\Windows\System32\WindowsPowerShell\v1.0;C:\Windows\System32\OpenSSH;C:\Program Files (x86)\NVIDIA Corporation\PhysX\Common;C:\Program Files\NVIDIA Corporation\NVIDIA NvDLISR;C:\Program Files\Java\jdk1.8.0_361\bin;C:\Program Files\Java\jdk1.8.0_361\jre\bin;C:\Program Files\Python311;C:\Program Files\Python27;E:\AndroidSDK\platform-tools;E:\maven\apache-maven-3.9.3\bin;E:\MySQL\bin;C:\Program Files\Microsoft SQL Server\Client SDK\ODBC\110\Tools\Binn;C:\Program Files (x86)\Microsoft SQL Server\120\Tools\Binn;C:\Program Files\Microsoft SQL Server\120\Tools\Binn;C:\Program Files\Microsoft SQL Server\120\DTS\Binn;C:\Program Files (x86)\Windows Kits\8.1\Windows Performance Toolkit;E:\Graphviz\bin;E:\PythonData\Scripts;E:\PythonData\condabin;E:\Redis;E:\Nodejs;C:\Program Files\dotnet;C:\WINDOWS\system32;C:\WINDOWS;C:\WINDOWS\System32\Wbem;C:\WINDOWS\System32\WindowsPowerShell\v1.0;C:\WINDOWS\System32\OpenSSH;E:\Ruby\Ruby34-x64\bin;C:\Program Files\Python311\Scripts;C:\Program Files\Python311;C:\Program Files\Python27;C:\Program Files\Python27\Scripts;C:\Users\WTH\AppData\Local\Microsoft\WindowsApps;D:\Tools\Bandizip;D:\Tools\Microsoft VS Code\bin;D:\Tools\Pycharm\PyCharm Community Edition 2022.3.2\bin;E:\IDEA\IntelliJ IDEA Community Edition 2023.1.3\bin;E:\IDEA\IntelliJ IDEA 2023.1.3\bin;C:\Users\WTH\AppData\Roaming\npm;C:\Users\WTH\AppData\Local\Microsoft\WindowsApps;D:\Tools\Git\usr\bin\vendor_perl;D:\Tools\Git\usr\bin\core_perl;C:\Ruby31-x64\bin;C:\Ruby31-x64\msys64\ucrt64\bin;E:\Ruby\Ruby34-x64\bin;E:\Ruby\Ruby34-x64\msys64\ucrt64\bin;E:\Ruby\Ruby34-x64\bin;E:\Ruby\Ruby34-x64\msys64\ucrt64\bin" ASAN_OPTIONS=detect_leaks=0 "gcc -IE:/Ruby/Ruby34-x64/include/ruby-3.4.0/x64-mingw-ucrt -IE:/Ruby/Ruby34-x64/include/ruby-3.4.0/ruby/backward -IE:/Ruby/Ruby34-x64/include/ruby-3.4.0 -I. -D_WIN32_WINNT=0x0600 -D__MINGW_USE_VC2005_COMPAT -D_FILE_OFFSET_BITS=64  -O3 -fstack-protector-strong   -c conftest.c"
checked program was:
/* begin */
1: #include "ruby.h"
2: 
3: #include <winsock2.h>
4: #include <windows.h>
5: #include <ruby.h>
6: 
7: /*top*/
8: typedef int conftest_type;
9: conftest_type conftestval = (int)RB_WARN_CATEGORY_DEPRECATED;
/* end */

--------------------

